[ 2017-07-03T14:42:52+08:00 ] 127.0.0.1 /index.php/Admin/goods/add
INFO: [ app_init ] --START--
INFO: Run Behavior\BuildLiteBehavior [ RunTime:0.000012s ]
INFO: [ app_init ] --END-- [ RunTime:0.000537s ]
INFO: [ app_begin ] --START--
INFO: Run Behavior\ReadHtmlCacheBehavior [ RunTime:0.000791s ]
INFO: [ app_begin ] --END-- [ RunTime:0.000835s ]
SQL: SELECT * FROM `jx_category`  [ RunTime:0.0001s ]
INFO: [ view_parse ] --START--
INFO: [ template_filter ] --START--
INFO: Run Behavior\ContentReplaceBehavior [ RunTime:0.000069s ]
INFO: [ template_filter ] --END-- [ RunTime:0.000114s ]
INFO: Run Behavior\ParseTemplateBehavior [ RunTime:0.009155s ]
INFO: [ view_parse ] --END-- [ RunTime:0.009204s ]
INFO: [ view_filter ] --START--
INFO: Run Behavior\WriteHtmlCacheBehavior [ RunTime:0.000517s ]
INFO: [ view_filter ] --END-- [ RunTime:0.000549s ]

[ 2017-07-03T14:45:25+08:00 ] 127.0.0.1 /index.php/Admin/goods/add
INFO: [ app_init ] --START--
INFO: Run Behavior\BuildLiteBehavior [ RunTime:0.000011s ]
INFO: [ app_init ] --END-- [ RunTime:0.000298s ]
INFO: [ app_begin ] --START--
INFO: Run Behavior\ReadHtmlCacheBehavior [ RunTime:0.000553s ]
INFO: [ app_begin ] --END-- [ RunTime:0.000590s ]
SQL: SELECT * FROM `jx_category`  [ RunTime:0.0003s ]
INFO: [ view_parse ] --START--
INFO: [ template_filter ] --START--
INFO: Run Behavior\ContentReplaceBehavior [ RunTime:0.000066s ]
INFO: [ template_filter ] --END-- [ RunTime:0.000111s ]
INFO: Run Behavior\ParseTemplateBehavior [ RunTime:0.007708s ]
INFO: [ view_parse ] --END-- [ RunTime:0.007750s ]
INFO: [ view_filter ] --START--
INFO: Run Behavior\WriteHtmlCacheBehavior [ RunTime:0.000333s ]
INFO: [ view_filter ] --END-- [ RunTime:0.000360s ]

[ 2017-07-03T14:45:52+08:00 ] 127.0.0.1 /index.php/Admin/goods/add
INFO: [ app_init ] --START--
INFO: Run Behavior\BuildLiteBehavior [ RunTime:0.000015s ]
INFO: [ app_init ] --END-- [ RunTime:0.000301s ]
INFO: [ app_begin ] --START--
INFO: Run Behavior\ReadHtmlCacheBehavior [ RunTime:0.000547s ]
INFO: [ app_begin ] --END-- [ RunTime:0.000584s ]
SQL: SELECT * FROM `jx_category`  [ RunTime:0.0003s ]
INFO: [ view_parse ] --START--
INFO: [ template_filter ] --START--
INFO: Run Behavior\ContentReplaceBehavior [ RunTime:0.000061s ]
INFO: [ template_filter ] --END-- [ RunTime:0.000101s ]
INFO: Run Behavior\ParseTemplateBehavior [ RunTime:0.007092s ]
INFO: [ view_parse ] --END-- [ RunTime:0.007136s ]
INFO: [ view_filter ] --START--
INFO: Run Behavior\WriteHtmlCacheBehavior [ RunTime:0.000322s ]
INFO: [ view_filter ] --END-- [ RunTime:0.000349s ]

[ 2017-07-03T14:46:50+08:00 ] 127.0.0.1 /index.php/Admin/goods/add
INFO: [ app_init ] --START--
INFO: Run Behavior\BuildLiteBehavior [ RunTime:0.000012s ]
INFO: [ app_init ] --END-- [ RunTime:0.000309s ]
INFO: [ app_begin ] --START--
INFO: Run Behavior\ReadHtmlCacheBehavior [ RunTime:0.000498s ]
INFO: [ app_begin ] --END-- [ RunTime:0.000536s ]
NOTIC: [2048] Declaration of Admin\Model\GoodsModel::_before_insert() should be compatible with Think\Model::_before_insert(&$data, $options) D:\Server\Apache2.2\htdocs\jxshop\Application\Admin\Model\GoodsModel.class.php 第 8 行.
NOTIC: [2048] Declaration of Admin\Model\GoodsModel::_after_insert() should be compatible with Think\Model::_after_insert($data, $options) D:\Server\Apache2.2\htdocs\jxshop\Application\Admin\Model\GoodsModel.class.php 第 8 行.
NOTIC: [8] Undefined index: validate D:\Server\Apache2.2\htdocs\jxshop\ThinkPHP\Library\Think\Model.class.php 第 1185 行.
NOTIC: [8] Undefined index: auto D:\Server\Apache2.2\htdocs\jxshop\ThinkPHP\Library\Think\Model.class.php 第 1128 行.
NOTIC: [2] call_user_func() expects parameter 1 to be a valid callback, no array or string given D:\Server\Apache2.2\htdocs\jxshop\ThinkPHP\Library\Think\Upload.class.php 第 170 行.
SQL: INSERT INTO `jx_goods` (`goods_name`,`goods_sn`,`cate_id`,`shop_price`,`is_sale`,`market_price`,`goods_body`,`addtime`,`goods_img`,`goods_thumb`) VALUES ('荣耀 畅玩6X 4GB 32GB 全网通4G手机 高配版 铂光金','JX5959e85a60458','13','1599.01','1','2345.02','&lt;p&gt;&lt;img src=&quot;/ueditor/php/upload/image/20170703/1499064408432469.jpg&quot; title=&quot;1499064408432469.jpg&quot; alt=&quot;desc2.jpg&quot;/&gt;&lt;/p&gt;','1499064410','Uploads/2017-07-03/5959e85a61184.jpg','Uploads/2017-07-03/thumb_5959e85a61184.jpg') [ RunTime:0.0042s ]
SQL: SHOW COLUMNS FROM `jx_goods_cate` [ RunTime:0.0021s ]
SQL: INSERT INTO `jx_goods_cate` (`goods_id`,`cate_id`) VALUES ('20','11') [ RunTime:0.0025s ]
INFO: [ view_parse ] --START--
INFO: [ template_filter ] --START--
INFO: Run Behavior\ContentReplaceBehavior [ RunTime:0.000040s ]
INFO: [ template_filter ] --END-- [ RunTime:0.000076s ]
INFO: Run Behavior\ParseTemplateBehavior [ RunTime:0.004830s ]
INFO: [ view_parse ] --END-- [ RunTime:0.004867s ]
INFO: [ view_filter ] --START--
INFO: Run Behavior\WriteHtmlCacheBehavior [ RunTime:0.000253s ]
INFO: [ view_filter ] --END-- [ RunTime:0.000292s ]
INFO: [ app_end ] --START--
INFO: Run Behavior\ShowPageTraceBehavior [ RunTime:0.000729s ]
INFO: [ app_end ] --END-- [ RunTime:0.000763s ]

[ 2017-07-03T14:46:51+08:00 ] 127.0.0.1 /index.php/Admin/goods/add
INFO: [ app_init ] --START--
INFO: Run Behavior\BuildLiteBehavior [ RunTime:0.000013s ]
INFO: [ app_init ] --END-- [ RunTime:0.000300s ]
INFO: [ app_begin ] --START--
INFO: Run Behavior\ReadHtmlCacheBehavior [ RunTime:0.000486s ]
INFO: [ app_begin ] --END-- [ RunTime:0.000524s ]
SQL: SELECT * FROM `jx_category`  [ RunTime:0.0002s ]
INFO: [ view_parse ] --START--
INFO: [ template_filter ] --START--
INFO: Run Behavior\ContentReplaceBehavior [ RunTime:0.000061s ]
INFO: [ template_filter ] --END-- [ RunTime:0.000096s ]
INFO: Run Behavior\ParseTemplateBehavior [ RunTime:0.006816s ]
INFO: [ view_parse ] --END-- [ RunTime:0.006859s ]
INFO: [ view_filter ] --START--
INFO: Run Behavior\WriteHtmlCacheBehavior [ RunTime:0.000270s ]
INFO: [ view_filter ] --END-- [ RunTime:0.000297s ]

[ 2017-07-03T14:47:23+08:00 ] 127.0.0.1 /index.php/Admin/goods/add
INFO: [ app_init ] --START--
INFO: Run Behavior\BuildLiteBehavior [ RunTime:0.000012s ]
INFO: [ app_init ] --END-- [ RunTime:0.000307s ]
INFO: [ app_begin ] --START--
INFO: Run Behavior\ReadHtmlCacheBehavior [ RunTime:0.000523s ]
INFO: [ app_begin ] --END-- [ RunTime:0.000560s ]
NOTIC: [2048] Declaration of Admin\Model\GoodsModel::_before_insert() should be compatible with Think\Model::_before_insert(&$data, $options) D:\Server\Apache2.2\htdocs\jxshop\Application\Admin\Model\GoodsModel.class.php 第 8 行.
NOTIC: [2048] Declaration of Admin\Model\GoodsModel::_after_insert() should be compatible with Think\Model::_after_insert($data, $options) D:\Server\Apache2.2\htdocs\jxshop\Application\Admin\Model\GoodsModel.class.php 第 8 行.
NOTIC: [8] Undefined index: validate D:\Server\Apache2.2\htdocs\jxshop\ThinkPHP\Library\Think\Model.class.php 第 1185 行.
NOTIC: [8] Undefined index: auto D:\Server\Apache2.2\htdocs\jxshop\ThinkPHP\Library\Think\Model.class.php 第 1128 行.
NOTIC: [2] call_user_func() expects parameter 1 to be a valid callback, no array or string given D:\Server\Apache2.2\htdocs\jxshop\ThinkPHP\Library\Think\Upload.class.php 第 170 行.
SQL: INSERT INTO `jx_goods` (`goods_name`,`goods_sn`,`cate_id`,`shop_price`,`is_sale`,`market_price`,`goods_body`,`addtime`,`goods_img`,`goods_thumb`) VALUES ('Apple iPhone 6s Plus (A1699) 32G 银色 移动联通电信4G手机','JX5959e87bc0034','13','1399.01','1','20000','&lt;p&gt;&lt;img src=&quot;/ueditor/php/upload/image/20170703/1499064441856805.jpg&quot; title=&quot;1499064441856805.jpg&quot; alt=&quot;desc3.jpg&quot;/&gt;&lt;/p&gt;','1499064443','Uploads/2017-07-03/5959e87bc0973.jpg','Uploads/2017-07-03/thumb_5959e87bc0973.jpg') [ RunTime:0.0030s ]
SQL: SHOW COLUMNS FROM `jx_goods_cate` [ RunTime:0.0023s ]
SQL: INSERT INTO `jx_goods_cate` (`goods_id`,`cate_id`) VALUES ('21','5'),('21','11') [ RunTime:0.0031s ]
INFO: [ view_parse ] --START--
INFO: [ template_filter ] --START--
INFO: Run Behavior\ContentReplaceBehavior [ RunTime:0.000036s ]
INFO: [ template_filter ] --END-- [ RunTime:0.000076s ]
INFO: Run Behavior\ParseTemplateBehavior [ RunTime:0.005557s ]
INFO: [ view_parse ] --END-- [ RunTime:0.005604s ]
INFO: [ view_filter ] --START--
INFO: Run Behavior\WriteHtmlCacheBehavior [ RunTime:0.000281s ]
INFO: [ view_filter ] --END-- [ RunTime:0.000308s ]
INFO: [ app_end ] --START--
INFO: Run Behavior\ShowPageTraceBehavior [ RunTime:0.000478s ]
INFO: [ app_end ] --END-- [ RunTime:0.000507s ]

[ 2017-07-03T14:47:25+08:00 ] 127.0.0.1 /index.php/Admin/goods/add
INFO: [ app_init ] --START--
INFO: Run Behavior\BuildLiteBehavior [ RunTime:0.000011s ]
INFO: [ app_init ] --END-- [ RunTime:0.000287s ]
INFO: [ app_begin ] --START--
INFO: Run Behavior\ReadHtmlCacheBehavior [ RunTime:0.000471s ]
INFO: [ app_begin ] --END-- [ RunTime:0.000507s ]
SQL: SELECT * FROM `jx_category`  [ RunTime:0.0002s ]
INFO: [ view_parse ] --START--
INFO: [ template_filter ] --START--
INFO: Run Behavior\ContentReplaceBehavior [ RunTime:0.000064s ]
INFO: [ template_filter ] --END-- [ RunTime:0.000102s ]
INFO: Run Behavior\ParseTemplateBehavior [ RunTime:0.007202s ]
INFO: [ view_parse ] --END-- [ RunTime:0.007249s ]
INFO: [ view_filter ] --START--
INFO: Run Behavior\WriteHtmlCacheBehavior [ RunTime:0.000263s ]
INFO: [ view_filter ] --END-- [ RunTime:0.000290s ]

[ 2017-07-03T14:47:55+08:00 ] 127.0.0.1 /index.php/Admin/goods/add
INFO: [ app_init ] --START--
INFO: Run Behavior\BuildLiteBehavior [ RunTime:0.000011s ]
INFO: [ app_init ] --END-- [ RunTime:0.000285s ]
INFO: [ app_begin ] --START--
INFO: Run Behavior\ReadHtmlCacheBehavior [ RunTime:0.000473s ]
INFO: [ app_begin ] --END-- [ RunTime:0.000510s ]
NOTIC: [2048] Declaration of Admin\Model\GoodsModel::_before_insert() should be compatible with Think\Model::_before_insert(&$data, $options) D:\Server\Apache2.2\htdocs\jxshop\Application\Admin\Model\GoodsModel.class.php 第 8 行.
NOTIC: [2048] Declaration of Admin\Model\GoodsModel::_after_insert() should be compatible with Think\Model::_after_insert($data, $options) D:\Server\Apache2.2\htdocs\jxshop\Application\Admin\Model\GoodsModel.class.php 第 8 行.
NOTIC: [8] Undefined index: validate D:\Server\Apache2.2\htdocs\jxshop\ThinkPHP\Library\Think\Model.class.php 第 1185 行.
NOTIC: [8] Undefined index: auto D:\Server\Apache2.2\htdocs\jxshop\ThinkPHP\Library\Think\Model.class.php 第 1128 行.
NOTIC: [2] call_user_func() expects parameter 1 to be a valid callback, no array or string given D:\Server\Apache2.2\htdocs\jxshop\ThinkPHP\Library\Think\Upload.class.php 第 170 行.
SQL: INSERT INTO `jx_goods` (`goods_name`,`goods_sn`,`cate_id`,`shop_price`,`is_sale`,`market_price`,`goods_body`,`addtime`,`goods_img`,`goods_thumb`) VALUES ('OPPO R11 Plus 6GB+64GB内存版 全网通4G手机 双卡双待 玫瑰金色','JX5959e89b524d0','13','1000','1','7888','&lt;p&gt;&lt;img src=&quot;/ueditor/php/upload/image/20170703/1499064473563070.jpg&quot; title=&quot;1499064473563070.jpg&quot; alt=&quot;desc6.jpg&quot;/&gt;&lt;/p&gt;','1499064475','Uploads/2017-07-03/5959e89b52d95.jpg','Uploads/2017-07-03/thumb_5959e89b52d95.jpg') [ RunTime:0.0041s ]
SQL: SHOW COLUMNS FROM `jx_goods_cate` [ RunTime:0.0020s ]
SQL: INSERT INTO `jx_goods_cate` (`goods_id`,`cate_id`) VALUES ('22','0') [ RunTime:0.0026s ]
INFO: [ view_parse ] --START--
INFO: [ template_filter ] --START--
INFO: Run Behavior\ContentReplaceBehavior [ RunTime:0.000036s ]
INFO: [ template_filter ] --END-- [ RunTime:0.000074s ]
INFO: Run Behavior\ParseTemplateBehavior [ RunTime:0.005045s ]
INFO: [ view_parse ] --END-- [ RunTime:0.005083s ]
INFO: [ view_filter ] --START--
INFO: Run Behavior\WriteHtmlCacheBehavior [ RunTime:0.000257s ]
INFO: [ view_filter ] --END-- [ RunTime:0.000284s ]
INFO: [ app_end ] --START--
INFO: Run Behavior\ShowPageTraceBehavior [ RunTime:0.000476s ]
INFO: [ app_end ] --END-- [ RunTime:0.000505s ]

[ 2017-07-03T14:47:56+08:00 ] 127.0.0.1 /index.php/Admin/goods/add
INFO: [ app_init ] --START--
INFO: Run Behavior\BuildLiteBehavior [ RunTime:0.000011s ]
INFO: [ app_init ] --END-- [ RunTime:0.000285s ]
INFO: [ app_begin ] --START--
INFO: Run Behavior\ReadHtmlCacheBehavior [ RunTime:0.000520s ]
INFO: [ app_begin ] --END-- [ RunTime:0.000561s ]
SQL: SELECT * FROM `jx_category`  [ RunTime:0.0002s ]
INFO: [ view_parse ] --START--
INFO: [ template_filter ] --START--
INFO: Run Behavior\ContentReplaceBehavior [ RunTime:0.000065s ]
INFO: [ template_filter ] --END-- [ RunTime:0.000111s ]
INFO: Run Behavior\ParseTemplateBehavior [ RunTime:0.007809s ]
INFO: [ view_parse ] --END-- [ RunTime:0.007855s ]
INFO: [ view_filter ] --START--
INFO: Run Behavior\WriteHtmlCacheBehavior [ RunTime:0.000265s ]
INFO: [ view_filter ] --END-- [ RunTime:0.000293s ]

[ 2017-07-03T14:53:43+08:00 ] 127.0.0.1 /index.php/Admin/goods/add
INFO: [ app_init ] --START--
INFO: Run Behavior\BuildLiteBehavior [ RunTime:0.000012s ]
INFO: [ app_init ] --END-- [ RunTime:0.000287s ]
INFO: [ app_begin ] --START--
INFO: Run Behavior\ReadHtmlCacheBehavior [ RunTime:0.000537s ]
INFO: [ app_begin ] --END-- [ RunTime:0.000572s ]
SQL: SELECT * FROM `jx_category`  [ RunTime:0.0002s ]
INFO: [ view_parse ] --START--
INFO: [ template_filter ] --START--
INFO: Run Behavior\ContentReplaceBehavior [ RunTime:0.000063s ]
INFO: [ template_filter ] --END-- [ RunTime:0.000101s ]
INFO: Run Behavior\ParseTemplateBehavior [ RunTime:0.007053s ]
INFO: [ view_parse ] --END-- [ RunTime:0.007094s ]
INFO: [ view_filter ] --START--
INFO: Run Behavior\WriteHtmlCacheBehavior [ RunTime:0.000323s ]
INFO: [ view_filter ] --END-- [ RunTime:0.000351s ]

[ 2017-07-03T15:04:55+08:00 ] 127.0.0.1 /index.php/Admin/goods/add
INFO: [ app_init ] --START--
INFO: Run Behavior\BuildLiteBehavior [ RunTime:0.000016s ]
INFO: [ app_init ] --END-- [ RunTime:0.001450s ]
INFO: [ app_begin ] --START--
INFO: Run Behavior\ReadHtmlCacheBehavior [ RunTime:0.000916s ]
INFO: [ app_begin ] --END-- [ RunTime:0.000963s ]
SQL: SELECT * FROM `jx_category`  [ RunTime:0.0028s ]
INFO: [ view_parse ] --START--
INFO: [ template_filter ] --START--
INFO: Run Behavior\ContentReplaceBehavior [ RunTime:0.000464s ]
INFO: [ template_filter ] --END-- [ RunTime:0.000512s ]
INFO: Run Behavior\ParseTemplateBehavior [ RunTime:0.011173s ]
INFO: [ view_parse ] --END-- [ RunTime:0.011224s ]
INFO: [ view_filter ] --START--
INFO: Run Behavior\WriteHtmlCacheBehavior [ RunTime:0.000595s ]
INFO: [ view_filter ] --END-- [ RunTime:0.000627s ]

[ 2017-07-03T15:05:09+08:00 ] 127.0.0.1 /index.php/Admin/goods/add
INFO: [ app_init ] --START--
INFO: Run Behavior\BuildLiteBehavior [ RunTime:0.000013s ]
INFO: [ app_init ] --END-- [ RunTime:0.000312s ]
INFO: [ app_begin ] --START--
INFO: Run Behavior\ReadHtmlCacheBehavior [ RunTime:0.000531s ]
INFO: [ app_begin ] --END-- [ RunTime:0.000576s ]
SQL: SELECT * FROM `jx_category`  [ RunTime:0.0002s ]
INFO: [ view_parse ] --START--
INFO: [ template_filter ] --START--
INFO: Run Behavior\ContentReplaceBehavior [ RunTime:0.000066s ]
INFO: [ template_filter ] --END-- [ RunTime:0.000110s ]
INFO: Run Behavior\ParseTemplateBehavior [ RunTime:0.007338s ]
INFO: [ view_parse ] --END-- [ RunTime:0.007389s ]
INFO: [ view_filter ] --START--
INFO: Run Behavior\WriteHtmlCacheBehavior [ RunTime:0.000251s ]
INFO: [ view_filter ] --END-- [ RunTime:0.000279s ]

[ 2017-07-03T15:05:12+08:00 ] 127.0.0.1 /index.php/Admin/goods/add
INFO: [ app_init ] --START--
INFO: Run Behavior\BuildLiteBehavior [ RunTime:0.000010s ]
INFO: [ app_init ] --END-- [ RunTime:0.000259s ]
INFO: [ app_begin ] --START--
INFO: Run Behavior\ReadHtmlCacheBehavior [ RunTime:0.000377s ]
INFO: [ app_begin ] --END-- [ RunTime:0.000412s ]
SQL: SELECT * FROM `jx_category`  [ RunTime:0.0002s ]
INFO: [ view_parse ] --START--
INFO: [ template_filter ] --START--
INFO: Run Behavior\ContentReplaceBehavior [ RunTime:0.000062s ]
INFO: [ template_filter ] --END-- [ RunTime:0.000097s ]
INFO: Run Behavior\ParseTemplateBehavior [ RunTime:0.006088s ]
INFO: [ view_parse ] --END-- [ RunTime:0.006128s ]
INFO: [ view_filter ] --START--
INFO: Run Behavior\WriteHtmlCacheBehavior [ RunTime:0.000161s ]
INFO: [ view_filter ] --END-- [ RunTime:0.000188s ]

[ 2017-07-03T15:05:59+08:00 ] 127.0.0.1 /index.php/Admin/goods/add
INFO: [ app_init ] --START--
INFO: Run Behavior\BuildLiteBehavior [ RunTime:0.000012s ]
INFO: [ app_init ] --END-- [ RunTime:0.000313s ]
INFO: [ app_begin ] --START--
INFO: Run Behavior\ReadHtmlCacheBehavior [ RunTime:0.000476s ]
INFO: [ app_begin ] --END-- [ RunTime:0.000517s ]
SQL: SELECT * FROM `jx_category`  [ RunTime:0.0002s ]
INFO: [ view_parse ] --START--
INFO: [ template_filter ] --START--
INFO: Run Behavior\ContentReplaceBehavior [ RunTime:0.000059s ]
INFO: [ template_filter ] --END-- [ RunTime:0.000103s ]
INFO: Run Behavior\ParseTemplateBehavior [ RunTime:0.006446s ]
INFO: [ view_parse ] --END-- [ RunTime:0.006490s ]
INFO: [ view_filter ] --START--
INFO: Run Behavior\WriteHtmlCacheBehavior [ RunTime:0.000226s ]
INFO: [ view_filter ] --END-- [ RunTime:0.000254s ]

[ 2017-07-03T15:09:03+08:00 ] 127.0.0.1 /Admin/goods/add
INFO: [ app_init ] --START--
INFO: Run Behavior\BuildLiteBehavior [ RunTime:0.000010s ]
INFO: [ app_init ] --END-- [ RunTime:0.000287s ]
INFO: [ app_begin ] --START--
INFO: Run Behavior\ReadHtmlCacheBehavior [ RunTime:0.000654s ]
INFO: [ app_begin ] --END-- [ RunTime:0.000718s ]
SQL: SELECT * FROM `jx_category`  [ RunTime:0.0002s ]
INFO: [ view_parse ] --START--
INFO: [ template_filter ] --START--
INFO: Run Behavior\ContentReplaceBehavior [ RunTime:0.000062s ]
INFO: [ template_filter ] --END-- [ RunTime:0.000109s ]
INFO: Run Behavior\ParseTemplateBehavior [ RunTime:0.006652s ]
INFO: [ view_parse ] --END-- [ RunTime:0.006705s ]
INFO: [ view_filter ] --START--
INFO: Run Behavior\WriteHtmlCacheBehavior [ RunTime:0.000228s ]
INFO: [ view_filter ] --END-- [ RunTime:0.000257s ]

[ 2017-07-03T15:51:12+08:00 ] 127.0.0.1 /Admin/goods/add
INFO: [ app_init ] --START--
INFO: Run Behavior\BuildLiteBehavior [ RunTime:0.000011s ]
INFO: [ app_init ] --END-- [ RunTime:0.000302s ]
INFO: [ app_begin ] --START--
INFO: Run Behavior\ReadHtmlCacheBehavior [ RunTime:0.000456s ]
INFO: [ app_begin ] --END-- [ RunTime:0.000493s ]
SQL: SELECT * FROM `jx_category`  [ RunTime:0.0002s ]
INFO: [ view_parse ] --START--
INFO: [ template_filter ] --START--
INFO: Run Behavior\ContentReplaceBehavior [ RunTime:0.000061s ]
INFO: [ template_filter ] --END-- [ RunTime:0.000100s ]
INFO: Run Behavior\ParseTemplateBehavior [ RunTime:0.005964s ]
INFO: [ view_parse ] --END-- [ RunTime:0.006007s ]
INFO: [ view_filter ] --START--
INFO: Run Behavior\WriteHtmlCacheBehavior [ RunTime:0.000283s ]
INFO: [ view_filter ] --END-- [ RunTime:0.000313s ]

[ 2017-07-03T15:52:27+08:00 ] 127.0.0.1 /Admin/goods/add
INFO: [ app_init ] --START--
INFO: Run Behavior\BuildLiteBehavior [ RunTime:0.000012s ]
INFO: [ app_init ] --END-- [ RunTime:0.000293s ]
INFO: [ app_begin ] --START--
INFO: Run Behavior\ReadHtmlCacheBehavior [ RunTime:0.000463s ]
INFO: [ app_begin ] --END-- [ RunTime:0.000501s ]
SQL: SELECT * FROM `jx_category`  [ RunTime:0.0002s ]
INFO: [ view_parse ] --START--
INFO: [ template_filter ] --START--
INFO: Run Behavior\ContentReplaceBehavior [ RunTime:0.000058s ]
INFO: [ template_filter ] --END-- [ RunTime:0.000098s ]
INFO: Run Behavior\ParseTemplateBehavior [ RunTime:0.006839s ]
INFO: [ view_parse ] --END-- [ RunTime:0.006883s ]
INFO: [ view_filter ] --START--
INFO: Run Behavior\WriteHtmlCacheBehavior [ RunTime:0.000225s ]
INFO: [ view_filter ] --END-- [ RunTime:0.000253s ]

[ 2017-07-03T15:53:59+08:00 ] 127.0.0.1 /Admin/goods/add
INFO: [ app_init ] --START--
INFO: Run Behavior\BuildLiteBehavior [ RunTime:0.000012s ]
INFO: [ app_init ] --END-- [ RunTime:0.000292s ]
INFO: [ app_begin ] --START--
INFO: Run Behavior\ReadHtmlCacheBehavior [ RunTime:0.000454s ]
INFO: [ app_begin ] --END-- [ RunTime:0.000491s ]
SQL: SELECT * FROM `jx_category`  [ RunTime:0.0002s ]
INFO: [ view_parse ] --START--
INFO: [ template_filter ] --START--
INFO: Run Behavior\ContentReplaceBehavior [ RunTime:0.000059s ]
INFO: [ template_filter ] --END-- [ RunTime:0.000096s ]
INFO: Run Behavior\ParseTemplateBehavior [ RunTime:0.006469s ]
INFO: [ view_parse ] --END-- [ RunTime:0.006513s ]
INFO: [ view_filter ] --START--
INFO: Run Behavior\WriteHtmlCacheBehavior [ RunTime:0.000212s ]
INFO: [ view_filter ] --END-- [ RunTime:0.000239s ]

[ 2017-07-03T15:54:36+08:00 ] 127.0.0.1 /Admin/goods/add
INFO: [ app_init ] --START--
INFO: Run Behavior\BuildLiteBehavior [ RunTime:0.000011s ]
INFO: [ app_init ] --END-- [ RunTime:0.000289s ]
INFO: [ app_begin ] --START--
INFO: Run Behavior\ReadHtmlCacheBehavior [ RunTime:0.000443s ]
INFO: [ app_begin ] --END-- [ RunTime:0.000480s ]
SQL: SELECT * FROM `jx_category`  [ RunTime:0.0002s ]
INFO: [ view_parse ] --START--
INFO: [ template_filter ] --START--
INFO: Run Behavior\ContentReplaceBehavior [ RunTime:0.000055s ]
INFO: [ template_filter ] --END-- [ RunTime:0.000092s ]
INFO: Run Behavior\ParseTemplateBehavior [ RunTime:0.005978s ]
INFO: [ view_parse ] --END-- [ RunTime:0.006029s ]
INFO: [ view_filter ] --START--
INFO: Run Behavior\WriteHtmlCacheBehavior [ RunTime:0.000221s ]
INFO: [ view_filter ] --END-- [ RunTime:0.000247s ]

[ 2017-07-03T15:58:01+08:00 ] 127.0.0.1 /Admin/goods/add
INFO: [ app_init ] --START--
INFO: Run Behavior\BuildLiteBehavior [ RunTime:0.000014s ]
INFO: [ app_init ] --END-- [ RunTime:0.000460s ]
INFO: [ app_begin ] --START--
INFO: Run Behavior\ReadHtmlCacheBehavior [ RunTime:0.000487s ]
INFO: [ app_begin ] --END-- [ RunTime:0.000527s ]
SQL: SELECT * FROM `jx_category`  [ RunTime:0.0002s ]
INFO: [ view_parse ] --START--
INFO: [ template_filter ] --START--
INFO: Run Behavior\ContentReplaceBehavior [ RunTime:0.000061s ]
INFO: [ template_filter ] --END-- [ RunTime:0.000104s ]
INFO: Run Behavior\ParseTemplateBehavior [ RunTime:0.006678s ]
INFO: [ view_parse ] --END-- [ RunTime:0.006723s ]
INFO: [ view_filter ] --START--
INFO: Run Behavior\WriteHtmlCacheBehavior [ RunTime:0.000220s ]
INFO: [ view_filter ] --END-- [ RunTime:0.000247s ]

[ 2017-07-03T15:59:09+08:00 ] 127.0.0.1 /Admin/goods/add
INFO: [ app_init ] --START--
INFO: Run Behavior\BuildLiteBehavior [ RunTime:0.000011s ]
INFO: [ app_init ] --END-- [ RunTime:0.000285s ]
INFO: [ app_begin ] --START--
INFO: Run Behavior\ReadHtmlCacheBehavior [ RunTime:0.000446s ]
INFO: [ app_begin ] --END-- [ RunTime:0.000482s ]
SQL: SELECT * FROM `jx_category`  [ RunTime:0.0002s ]
INFO: [ view_parse ] --START--
INFO: [ template_filter ] --START--
INFO: Run Behavior\ContentReplaceBehavior [ RunTime:0.000057s ]
INFO: [ template_filter ] --END-- [ RunTime:0.000096s ]
INFO: Run Behavior\ParseTemplateBehavior [ RunTime:0.005946s ]
INFO: [ view_parse ] --END-- [ RunTime:0.005989s ]
INFO: [ view_filter ] --START--
INFO: Run Behavior\WriteHtmlCacheBehavior [ RunTime:0.000216s ]
INFO: [ view_filter ] --END-- [ RunTime:0.000247s ]

[ 2017-07-03T16:00:22+08:00 ] 127.0.0.1 /Admin/goods/add
INFO: [ app_init ] --START--
INFO: Run Behavior\BuildLiteBehavior [ RunTime:0.000011s ]
INFO: [ app_init ] --END-- [ RunTime:0.000283s ]
INFO: [ app_begin ] --START--
INFO: Run Behavior\ReadHtmlCacheBehavior [ RunTime:0.000448s ]
INFO: [ app_begin ] --END-- [ RunTime:0.000485s ]
SQL: SELECT * FROM `jx_category`  [ RunTime:0.0002s ]
INFO: [ view_parse ] --START--
INFO: [ template_filter ] --START--
INFO: Run Behavior\ContentReplaceBehavior [ RunTime:0.000059s ]
INFO: [ template_filter ] --END-- [ RunTime:0.000099s ]
INFO: Run Behavior\ParseTemplateBehavior [ RunTime:0.006412s ]
INFO: [ view_parse ] --END-- [ RunTime:0.006455s ]
INFO: [ view_filter ] --START--
INFO: Run Behavior\WriteHtmlCacheBehavior [ RunTime:0.000215s ]
INFO: [ view_filter ] --END-- [ RunTime:0.000243s ]

[ 2017-07-03T16:04:00+08:00 ] 127.0.0.1 /Admin/goods/add
INFO: [ app_init ] --START--
INFO: Run Behavior\BuildLiteBehavior [ RunTime:0.000011s ]
INFO: [ app_init ] --END-- [ RunTime:0.000285s ]
INFO: [ app_begin ] --START--
INFO: Run Behavior\ReadHtmlCacheBehavior [ RunTime:0.000455s ]
INFO: [ app_begin ] --END-- [ RunTime:0.000492s ]
SQL: SELECT * FROM `jx_category`  [ RunTime:0.0002s ]
INFO: [ view_parse ] --START--
INFO: [ template_filter ] --START--
INFO: Run Behavior\ContentReplaceBehavior [ RunTime:0.000058s ]
INFO: [ template_filter ] --END-- [ RunTime:0.000098s ]
INFO: Run Behavior\ParseTemplateBehavior [ RunTime:0.005921s ]
INFO: [ view_parse ] --END-- [ RunTime:0.005966s ]
INFO: [ view_filter ] --START--
INFO: Run Behavior\WriteHtmlCacheBehavior [ RunTime:0.000227s ]
INFO: [ view_filter ] --END-- [ RunTime:0.000255s ]

[ 2017-07-03T16:06:30+08:00 ] 127.0.0.1 /Admin/goods/add
INFO: [ app_init ] --START--
INFO: Run Behavior\BuildLiteBehavior [ RunTime:0.000011s ]
INFO: [ app_init ] --END-- [ RunTime:0.000284s ]
INFO: [ app_begin ] --START--
INFO: Run Behavior\ReadHtmlCacheBehavior [ RunTime:0.000447s ]
INFO: [ app_begin ] --END-- [ RunTime:0.000485s ]
SQL: SELECT * FROM `jx_category`  [ RunTime:0.0002s ]
INFO: [ view_parse ] --START--
INFO: [ template_filter ] --START--
INFO: Run Behavior\ContentReplaceBehavior [ RunTime:0.000055s ]
INFO: [ template_filter ] --END-- [ RunTime:0.000099s ]
INFO: Run Behavior\ParseTemplateBehavior [ RunTime:0.006036s ]
INFO: [ view_parse ] --END-- [ RunTime:0.006079s ]
INFO: [ view_filter ] --START--
INFO: Run Behavior\WriteHtmlCacheBehavior [ RunTime:0.000210s ]
INFO: [ view_filter ] --END-- [ RunTime:0.000237s ]

[ 2017-07-03T16:07:47+08:00 ] 127.0.0.1 /Admin/goods/add
INFO: [ app_init ] --START--
INFO: Run Behavior\BuildLiteBehavior [ RunTime:0.000011s ]
INFO: [ app_init ] --END-- [ RunTime:0.000284s ]
INFO: [ app_begin ] --START--
INFO: Run Behavior\ReadHtmlCacheBehavior [ RunTime:0.000457s ]
INFO: [ app_begin ] --END-- [ RunTime:0.000494s ]
SQL: SELECT * FROM `jx_category`  [ RunTime:0.0002s ]
INFO: [ view_parse ] --START--
INFO: [ template_filter ] --START--
INFO: Run Behavior\ContentReplaceBehavior [ RunTime:0.000063s ]
INFO: [ template_filter ] --END-- [ RunTime:0.000108s ]
INFO: Run Behavior\ParseTemplateBehavior [ RunTime:0.007375s ]
INFO: [ view_parse ] --END-- [ RunTime:0.007420s ]
INFO: [ view_filter ] --START--
INFO: Run Behavior\WriteHtmlCacheBehavior [ RunTime:0.000219s ]
INFO: [ view_filter ] --END-- [ RunTime:0.000245s ]

[ 2017-07-03T16:09:33+08:00 ] 127.0.0.1 /Admin/goods/add
INFO: [ app_init ] --START--
INFO: Run Behavior\BuildLiteBehavior [ RunTime:0.000011s ]
INFO: [ app_init ] --END-- [ RunTime:0.000292s ]
INFO: [ app_begin ] --START--
INFO: Run Behavior\ReadHtmlCacheBehavior [ RunTime:0.000453s ]
INFO: [ app_begin ] --END-- [ RunTime:0.000489s ]
SQL: SELECT * FROM `jx_category`  [ RunTime:0.0002s ]
INFO: [ view_parse ] --START--
INFO: [ template_filter ] --START--
INFO: Run Behavior\ContentReplaceBehavior [ RunTime:0.000085s ]
INFO: [ template_filter ] --END-- [ RunTime:0.000140s ]
INFO: Run Behavior\ParseTemplateBehavior [ RunTime:0.009195s ]
INFO: [ view_parse ] --END-- [ RunTime:0.009253s ]
INFO: [ view_filter ] --START--
INFO: Run Behavior\WriteHtmlCacheBehavior [ RunTime:0.000287s ]
INFO: [ view_filter ] --END-- [ RunTime:0.000325s ]

[ 2017-07-03T16:13:55+08:00 ] 127.0.0.1 /Admin/goods/add
INFO: [ app_init ] --START--
INFO: Run Behavior\BuildLiteBehavior [ RunTime:0.000011s ]
INFO: [ app_init ] --END-- [ RunTime:0.000291s ]
INFO: [ app_begin ] --START--
INFO: Run Behavior\ReadHtmlCacheBehavior [ RunTime:0.000458s ]
INFO: [ app_begin ] --END-- [ RunTime:0.000497s ]
SQL: SELECT * FROM `jx_category`  [ RunTime:0.0002s ]
INFO: [ view_parse ] --START--
INFO: [ template_filter ] --START--
INFO: Run Behavior\ContentReplaceBehavior [ RunTime:0.000061s ]
INFO: [ template_filter ] --END-- [ RunTime:0.000098s ]
INFO: Run Behavior\ParseTemplateBehavior [ RunTime:0.006433s ]
INFO: [ view_parse ] --END-- [ RunTime:0.006476s ]
INFO: [ view_filter ] --START--
INFO: Run Behavior\WriteHtmlCacheBehavior [ RunTime:0.000221s ]
INFO: [ view_filter ] --END-- [ RunTime:0.000247s ]

[ 2017-07-03T16:14:23+08:00 ] 127.0.0.1 /Admin/goods/add
INFO: [ app_init ] --START--
INFO: Run Behavior\BuildLiteBehavior [ RunTime:0.000011s ]
INFO: [ app_init ] --END-- [ RunTime:0.000288s ]
INFO: [ app_begin ] --START--
INFO: Run Behavior\ReadHtmlCacheBehavior [ RunTime:0.000480s ]
INFO: [ app_begin ] --END-- [ RunTime:0.000517s ]
SQL: SELECT * FROM `jx_category`  [ RunTime:0.0002s ]
INFO: [ view_parse ] --START--
INFO: [ template_filter ] --START--
INFO: Run Behavior\ContentReplaceBehavior [ RunTime:0.000060s ]
INFO: [ template_filter ] --END-- [ RunTime:0.000100s ]
INFO: Run Behavior\ParseTemplateBehavior [ RunTime:0.006595s ]
INFO: [ view_parse ] --END-- [ RunTime:0.006638s ]
INFO: [ view_filter ] --START--
INFO: Run Behavior\WriteHtmlCacheBehavior [ RunTime:0.000221s ]
INFO: [ view_filter ] --END-- [ RunTime:0.000249s ]

[ 2017-07-03T16:18:33+08:00 ] 127.0.0.1 /Admin/goods/add
INFO: [ app_init ] --START--
INFO: Run Behavior\BuildLiteBehavior [ RunTime:0.000011s ]
INFO: [ app_init ] --END-- [ RunTime:0.000284s ]
INFO: [ app_begin ] --START--
INFO: Run Behavior\ReadHtmlCacheBehavior [ RunTime:0.000451s ]
INFO: [ app_begin ] --END-- [ RunTime:0.000490s ]
SQL: SELECT * FROM `jx_category`  [ RunTime:0.0002s ]
INFO: [ view_parse ] --START--
INFO: [ template_filter ] --START--
INFO: Run Behavior\ContentReplaceBehavior [ RunTime:0.000055s ]
INFO: [ template_filter ] --END-- [ RunTime:0.000092s ]
INFO: Run Behavior\ParseTemplateBehavior [ RunTime:0.005959s ]
INFO: [ view_parse ] --END-- [ RunTime:0.006003s ]
INFO: [ view_filter ] --START--
INFO: Run Behavior\WriteHtmlCacheBehavior [ RunTime:0.000219s ]
INFO: [ view_filter ] --END-- [ RunTime:0.000246s ]

[ 2017-07-03T16:21:10+08:00 ] 127.0.0.1 /Admin/goods/add
INFO: [ app_init ] --START--
INFO: Run Behavior\BuildLiteBehavior [ RunTime:0.000011s ]
INFO: [ app_init ] --END-- [ RunTime:0.000291s ]
INFO: [ app_begin ] --START--
INFO: Run Behavior\ReadHtmlCacheBehavior [ RunTime:0.000449s ]
INFO: [ app_begin ] --END-- [ RunTime:0.000486s ]
SQL: SELECT * FROM `jx_category`  [ RunTime:0.0001s ]
INFO: [ view_parse ] --START--
INFO: [ template_filter ] --START--
INFO: Run Behavior\ContentReplaceBehavior [ RunTime:0.000060s ]
INFO: [ template_filter ] --END-- [ RunTime:0.000100s ]
INFO: Run Behavior\ParseTemplateBehavior [ RunTime:0.006746s ]
INFO: [ view_parse ] --END-- [ RunTime:0.006792s ]
INFO: [ view_filter ] --START--
INFO: Run Behavior\WriteHtmlCacheBehavior [ RunTime:0.000261s ]
INFO: [ view_filter ] --END-- [ RunTime:0.000288s ]

[ 2017-07-03T16:22:46+08:00 ] 127.0.0.1 /Admin/goods/add
INFO: [ app_init ] --START--
INFO: Run Behavior\BuildLiteBehavior [ RunTime:0.000013s ]
INFO: [ app_init ] --END-- [ RunTime:0.000308s ]
INFO: [ app_begin ] --START--
INFO: Run Behavior\ReadHtmlCacheBehavior [ RunTime:0.000543s ]
INFO: [ app_begin ] --END-- [ RunTime:0.000592s ]
SQL: SELECT * FROM `jx_category`  [ RunTime:0.0002s ]
INFO: [ view_parse ] --START--
INFO: [ template_filter ] --START--
INFO: Run Behavior\ContentReplaceBehavior [ RunTime:0.000058s ]
INFO: [ template_filter ] --END-- [ RunTime:0.000095s ]
INFO: Run Behavior\ParseTemplateBehavior [ RunTime:0.006542s ]
INFO: [ view_parse ] --END-- [ RunTime:0.006585s ]
INFO: [ view_filter ] --START--
INFO: Run Behavior\WriteHtmlCacheBehavior [ RunTime:0.000211s ]
INFO: [ view_filter ] --END-- [ RunTime:0.000238s ]

[ 2017-07-03T16:26:54+08:00 ] 127.0.0.1 /Admin/goods/add
INFO: [ app_init ] --START--
INFO: Run Behavior\BuildLiteBehavior [ RunTime:0.000012s ]
INFO: [ app_init ] --END-- [ RunTime:0.000289s ]
INFO: [ app_begin ] --START--
INFO: Run Behavior\ReadHtmlCacheBehavior [ RunTime:0.000458s ]
INFO: [ app_begin ] --END-- [ RunTime:0.000496s ]
SQL: SELECT * FROM `jx_category`  [ RunTime:0.0002s ]
INFO: [ view_parse ] --START--
INFO: [ template_filter ] --START--
INFO: Run Behavior\ContentReplaceBehavior [ RunTime:0.000055s ]
INFO: [ template_filter ] --END-- [ RunTime:0.000094s ]
INFO: Run Behavior\ParseTemplateBehavior [ RunTime:0.006096s ]
INFO: [ view_parse ] --END-- [ RunTime:0.006137s ]
INFO: [ view_filter ] --START--
INFO: Run Behavior\WriteHtmlCacheBehavior [ RunTime:0.000250s ]
INFO: [ view_filter ] --END-- [ RunTime:0.000278s ]

[ 2017-07-03T19:56:06+08:00 ] 127.0.0.1 /Admin/goods/add
INFO: [ app_init ] --START--
INFO: Run Behavior\BuildLiteBehavior [ RunTime:0.000012s ]
INFO: [ app_init ] --END-- [ RunTime:0.000298s ]
INFO: [ app_begin ] --START--
INFO: Run Behavior\ReadHtmlCacheBehavior [ RunTime:0.002042s ]
INFO: [ app_begin ] --END-- [ RunTime:0.002097s ]
SQL: SELECT * FROM `jx_category`  [ RunTime:0.0002s ]
INFO: [ view_parse ] --START--
INFO: [ template_filter ] --START--
INFO: Run Behavior\ContentReplaceBehavior [ RunTime:0.000057s ]
INFO: [ template_filter ] --END-- [ RunTime:0.000099s ]
INFO: Run Behavior\ParseTemplateBehavior [ RunTime:0.008169s ]
INFO: [ view_parse ] --END-- [ RunTime:0.008220s ]
INFO: [ view_filter ] --START--
INFO: Run Behavior\WriteHtmlCacheBehavior [ RunTime:0.000522s ]
INFO: [ view_filter ] --END-- [ RunTime:0.000557s ]

[ 2017-07-03T20:00:49+08:00 ] 127.0.0.1 /Admin/goods/add
INFO: [ app_init ] --START--
INFO: Run Behavior\BuildLiteBehavior [ RunTime:0.000013s ]
INFO: [ app_init ] --END-- [ RunTime:0.000301s ]
INFO: [ app_begin ] --START--
INFO: Run Behavior\ReadHtmlCacheBehavior [ RunTime:0.000458s ]
INFO: [ app_begin ] --END-- [ RunTime:0.000494s ]
SQL: SELECT * FROM `jx_category`  [ RunTime:0.0002s ]
INFO: [ view_parse ] --START--
INFO: [ template_filter ] --START--
INFO: Run Behavior\ContentReplaceBehavior [ RunTime:0.000062s ]
INFO: [ template_filter ] --END-- [ RunTime:0.000103s ]
INFO: Run Behavior\ParseTemplateBehavior [ RunTime:0.006868s ]
INFO: [ view_parse ] --END-- [ RunTime:0.006912s ]
INFO: [ view_filter ] --START--
INFO: Run Behavior\WriteHtmlCacheBehavior [ RunTime:0.000218s ]
INFO: [ view_filter ] --END-- [ RunTime:0.000244s ]

[ 2017-07-03T20:02:06+08:00 ] 127.0.0.1 /Admin/goods/add
INFO: [ app_init ] --START--
INFO: Run Behavior\BuildLiteBehavior [ RunTime:0.000012s ]
INFO: [ app_init ] --END-- [ RunTime:0.000322s ]
INFO: [ app_begin ] --START--
INFO: Run Behavior\ReadHtmlCacheBehavior [ RunTime:0.000792s ]
INFO: [ app_begin ] --END-- [ RunTime:0.000843s ]
SQL: SELECT * FROM `jx_category`  [ RunTime:0.0002s ]
INFO: [ view_parse ] --START--
INFO: [ template_filter ] --START--
INFO: Run Behavior\ContentReplaceBehavior [ RunTime:0.000058s ]
INFO: [ template_filter ] --END-- [ RunTime:0.000096s ]
INFO: Run Behavior\ParseTemplateBehavior [ RunTime:0.006672s ]
INFO: [ view_parse ] --END-- [ RunTime:0.006713s ]
INFO: [ view_filter ] --START--
INFO: Run Behavior\WriteHtmlCacheBehavior [ RunTime:0.000221s ]
INFO: [ view_filter ] --END-- [ RunTime:0.000249s ]

[ 2017-07-03T20:03:36+08:00 ] 127.0.0.1 /Admin/goods/add
INFO: [ app_init ] --START--
INFO: Run Behavior\BuildLiteBehavior [ RunTime:0.000014s ]
INFO: [ app_init ] --END-- [ RunTime:0.000371s ]
INFO: [ app_begin ] --START--
INFO: Run Behavior\ReadHtmlCacheBehavior [ RunTime:0.000501s ]
INFO: [ app_begin ] --END-- [ RunTime:0.000546s ]
SQL: SELECT * FROM `jx_category`  [ RunTime:0.0002s ]
INFO: [ view_parse ] --START--
INFO: [ template_filter ] --START--
INFO: Run Behavior\ContentReplaceBehavior [ RunTime:0.000060s ]
INFO: [ template_filter ] --END-- [ RunTime:0.000102s ]
INFO: Run Behavior\ParseTemplateBehavior [ RunTime:0.006879s ]
INFO: [ view_parse ] --END-- [ RunTime:0.006923s ]
INFO: [ view_filter ] --START--
INFO: Run Behavior\WriteHtmlCacheBehavior [ RunTime:0.000230s ]
INFO: [ view_filter ] --END-- [ RunTime:0.000256s ]

[ 2017-07-03T20:04:29+08:00 ] 127.0.0.1 /Admin/goods/add
INFO: [ app_init ] --START--
INFO: Run Behavior\BuildLiteBehavior [ RunTime:0.000011s ]
INFO: [ app_init ] --END-- [ RunTime:0.000286s ]
INFO: [ app_begin ] --START--
INFO: Run Behavior\ReadHtmlCacheBehavior [ RunTime:0.000450s ]
INFO: [ app_begin ] --END-- [ RunTime:0.000486s ]
SQL: SELECT * FROM `jx_category`  [ RunTime:0.0002s ]
INFO: [ view_parse ] --START--
INFO: [ template_filter ] --START--
INFO: Run Behavior\ContentReplaceBehavior [ RunTime:0.000071s ]
INFO: [ template_filter ] --END-- [ RunTime:0.000122s ]
INFO: Run Behavior\ParseTemplateBehavior [ RunTime:0.006982s ]
INFO: [ view_parse ] --END-- [ RunTime:0.007034s ]
INFO: [ view_filter ] --START--
INFO: Run Behavior\WriteHtmlCacheBehavior [ RunTime:0.000226s ]
INFO: [ view_filter ] --END-- [ RunTime:0.000254s ]

[ 2017-07-03T20:06:20+08:00 ] 127.0.0.1 /Admin/goods/add
INFO: [ app_init ] --START--
INFO: Run Behavior\BuildLiteBehavior [ RunTime:0.000011s ]
INFO: [ app_init ] --END-- [ RunTime:0.000285s ]
INFO: [ app_begin ] --START--
INFO: Run Behavior\ReadHtmlCacheBehavior [ RunTime:0.000502s ]
INFO: [ app_begin ] --END-- [ RunTime:0.000541s ]
SQL: SELECT * FROM `jx_category`  [ RunTime:0.0002s ]
INFO: [ view_parse ] --START--
INFO: [ template_filter ] --START--
INFO: Run Behavior\ContentReplaceBehavior [ RunTime:0.000064s ]
INFO: [ template_filter ] --END-- [ RunTime:0.000106s ]
INFO: Run Behavior\ParseTemplateBehavior [ RunTime:0.007209s ]
INFO: [ view_parse ] --END-- [ RunTime:0.007257s ]
INFO: [ view_filter ] --START--
INFO: Run Behavior\WriteHtmlCacheBehavior [ RunTime:0.000285s ]
INFO: [ view_filter ] --END-- [ RunTime:0.000313s ]

[ 2017-07-03T20:06:32+08:00 ] 127.0.0.1 /Admin/goods/add
INFO: [ app_init ] --START--
INFO: Run Behavior\BuildLiteBehavior [ RunTime:0.000011s ]
INFO: [ app_init ] --END-- [ RunTime:0.000284s ]
INFO: [ app_begin ] --START--
INFO: Run Behavior\ReadHtmlCacheBehavior [ RunTime:0.000455s ]
INFO: [ app_begin ] --END-- [ RunTime:0.000492s ]
SQL: SELECT * FROM `jx_category`  [ RunTime:0.0001s ]
INFO: [ view_parse ] --START--
INFO: [ template_filter ] --START--
INFO: Run Behavior\ContentReplaceBehavior [ RunTime:0.000062s ]
INFO: [ template_filter ] --END-- [ RunTime:0.000101s ]
INFO: Run Behavior\ParseTemplateBehavior [ RunTime:0.006759s ]
INFO: [ view_parse ] --END-- [ RunTime:0.006810s ]
INFO: [ view_filter ] --START--
INFO: Run Behavior\WriteHtmlCacheBehavior [ RunTime:0.000221s ]
INFO: [ view_filter ] --END-- [ RunTime:0.000248s ]

[ 2017-07-03T20:07:31+08:00 ] 127.0.0.1 /Admin/goods/add
INFO: [ app_init ] --START--
INFO: Run Behavior\BuildLiteBehavior [ RunTime:0.000014s ]
INFO: [ app_init ] --END-- [ RunTime:0.000408s ]
INFO: [ app_begin ] --START--
INFO: Run Behavior\ReadHtmlCacheBehavior [ RunTime:0.000541s ]
INFO: [ app_begin ] --END-- [ RunTime:0.000596s ]
SQL: SELECT * FROM `jx_category`  [ RunTime:0.0002s ]
INFO: [ view_parse ] --START--
INFO: [ template_filter ] --START--
INFO: Run Behavior\ContentReplaceBehavior [ RunTime:0.000059s ]
INFO: [ template_filter ] --END-- [ RunTime:0.000098s ]
INFO: Run Behavior\ParseTemplateBehavior [ RunTime:0.006851s ]
INFO: [ view_parse ] --END-- [ RunTime:0.006904s ]
INFO: [ view_filter ] --START--
INFO: Run Behavior\WriteHtmlCacheBehavior [ RunTime:0.000245s ]
INFO: [ view_filter ] --END-- [ RunTime:0.000273s ]

[ 2017-07-03T20:07:35+08:00 ] 127.0.0.1 /Admin/goods/add
INFO: [ app_init ] --START--
INFO: Run Behavior\BuildLiteBehavior [ RunTime:0.000011s ]
INFO: [ app_init ] --END-- [ RunTime:0.000282s ]
INFO: [ app_begin ] --START--
INFO: Run Behavior\ReadHtmlCacheBehavior [ RunTime:0.000498s ]
INFO: [ app_begin ] --END-- [ RunTime:0.000536s ]
SQL: SELECT * FROM `jx_category`  [ RunTime:0.0003s ]
INFO: [ view_parse ] --START--
INFO: [ template_filter ] --START--
INFO: Run Behavior\ContentReplaceBehavior [ RunTime:0.000061s ]
INFO: [ template_filter ] --END-- [ RunTime:0.000101s ]
INFO: Run Behavior\ParseTemplateBehavior [ RunTime:0.006884s ]
INFO: [ view_parse ] --END-- [ RunTime:0.006928s ]
INFO: [ view_filter ] --START--
INFO: Run Behavior\WriteHtmlCacheBehavior [ RunTime:0.000271s ]
INFO: [ view_filter ] --END-- [ RunTime:0.000299s ]

[ 2017-07-03T20:10:28+08:00 ] 127.0.0.1 /Admin/goods/add
INFO: [ app_init ] --START--
INFO: Run Behavior\BuildLiteBehavior [ RunTime:0.000012s ]
INFO: [ app_init ] --END-- [ RunTime:0.000283s ]
INFO: [ app_begin ] --START--
INFO: Run Behavior\ReadHtmlCacheBehavior [ RunTime:0.000447s ]
INFO: [ app_begin ] --END-- [ RunTime:0.000483s ]
SQL: SELECT * FROM `jx_category`  [ RunTime:0.0002s ]
INFO: [ view_parse ] --START--
INFO: [ template_filter ] --START--
INFO: Run Behavior\ContentReplaceBehavior [ RunTime:0.000061s ]
INFO: [ template_filter ] --END-- [ RunTime:0.000102s ]
INFO: Run Behavior\ParseTemplateBehavior [ RunTime:0.007230s ]
INFO: [ view_parse ] --END-- [ RunTime:0.007273s ]
INFO: [ view_filter ] --START--
INFO: Run Behavior\WriteHtmlCacheBehavior [ RunTime:0.000225s ]
INFO: [ view_filter ] --END-- [ RunTime:0.000251s ]

[ 2017-07-03T20:11:04+08:00 ] 127.0.0.1 /Admin/goods/add
INFO: [ app_init ] --START--
INFO: Run Behavior\BuildLiteBehavior [ RunTime:0.000011s ]
INFO: [ app_init ] --END-- [ RunTime:0.000294s ]
INFO: [ app_begin ] --START--
INFO: Run Behavior\ReadHtmlCacheBehavior [ RunTime:0.000487s ]
INFO: [ app_begin ] --END-- [ RunTime:0.000523s ]
NOTIC: [2048] Declaration of Admin\Model\GoodsModel::_before_insert() should be compatible with Think\Model::_before_insert(&$data, $options) D:\Server\Apache2.2\htdocs\jxshop\Application\Admin\Model\GoodsModel.class.php 第 8 行.
NOTIC: [2048] Declaration of Admin\Model\GoodsModel::_after_insert() should be compatible with Think\Model::_after_insert($data, $options) D:\Server\Apache2.2\htdocs\jxshop\Application\Admin\Model\GoodsModel.class.php 第 8 行.
NOTIC: [8] Undefined index: validate D:\Server\Apache2.2\htdocs\jxshop\ThinkPHP\Library\Think\Model.class.php 第 1185 行.
NOTIC: [8] Undefined index: auto D:\Server\Apache2.2\htdocs\jxshop\ThinkPHP\Library\Think\Model.class.php 第 1128 行.
NOTIC: [2] call_user_func() expects parameter 1 to be a valid callback, no array or string given D:\Server\Apache2.2\htdocs\jxshop\ThinkPHP\Library\Think\Upload.class.php 第 170 行.
SQL: INSERT INTO `jx_goods` (`goods_name`,`goods_sn`,`cate_id`,`shop_price`,`is_sale`,`is_hot`,`is_new`,`is_rec`,`market_price`,`goods_body`,`addtime`,`goods_img`,`goods_thumb`) VALUES ('走过路过不要错过100积分就可以兑换超级礼品','JX595a345833438','13','100.00','1','1','1','1','300','&lt;p&gt;啊啊啊&lt;/p&gt;','1499083864','Uploads/2017-07-03/595a3458340f0.jpg','Uploads/2017-07-03/thumb_595a3458340f0.jpg') [ RunTime:0.0089s ]
INFO: [ view_parse ] --START--
INFO: [ template_filter ] --START--
INFO: Run Behavior\ContentReplaceBehavior [ RunTime:0.000038s ]
INFO: [ template_filter ] --END-- [ RunTime:0.000078s ]
INFO: Run Behavior\ParseTemplateBehavior [ RunTime:0.006540s ]
INFO: [ view_parse ] --END-- [ RunTime:0.006585s ]
INFO: [ view_filter ] --START--
INFO: Run Behavior\WriteHtmlCacheBehavior [ RunTime:0.000529s ]
INFO: [ view_filter ] --END-- [ RunTime:0.000561s ]
INFO: [ app_end ] --START--
INFO: Run Behavior\ShowPageTraceBehavior [ RunTime:0.001065s ]
INFO: [ app_end ] --END-- [ RunTime:0.001104s ]

[ 2017-07-03T20:11:05+08:00 ] 127.0.0.1 /Admin/goods/add
INFO: [ app_init ] --START--
INFO: Run Behavior\BuildLiteBehavior [ RunTime:0.000012s ]
INFO: [ app_init ] --END-- [ RunTime:0.000305s ]
INFO: [ app_begin ] --START--
INFO: Run Behavior\ReadHtmlCacheBehavior [ RunTime:0.000833s ]
INFO: [ app_begin ] --END-- [ RunTime:0.000921s ]
SQL: SELECT * FROM `jx_category`  [ RunTime:0.0002s ]
INFO: [ view_parse ] --START--
INFO: [ template_filter ] --START--
INFO: Run Behavior\ContentReplaceBehavior [ RunTime:0.000074s ]
INFO: [ template_filter ] --END-- [ RunTime:0.000136s ]
INFO: Run Behavior\ParseTemplateBehavior [ RunTime:0.009032s ]
INFO: [ view_parse ] --END-- [ RunTime:0.009085s ]
INFO: [ view_filter ] --START--
INFO: Run Behavior\WriteHtmlCacheBehavior [ RunTime:0.000329s ]
INFO: [ view_filter ] --END-- [ RunTime:0.000366s ]

[ 2017-07-03T20:11:14+08:00 ] 127.0.0.1 /Admin/goods/add
INFO: [ app_init ] --START--
INFO: Run Behavior\BuildLiteBehavior [ RunTime:0.000013s ]
INFO: [ app_init ] --END-- [ RunTime:0.000371s ]
INFO: [ app_begin ] --START--
INFO: Run Behavior\ReadHtmlCacheBehavior [ RunTime:0.000526s ]
INFO: [ app_begin ] --END-- [ RunTime:0.000570s ]
SQL: SELECT * FROM `jx_category`  [ RunTime:0.0002s ]
INFO: [ view_parse ] --START--
INFO: [ template_filter ] --START--
INFO: Run Behavior\ContentReplaceBehavior [ RunTime:0.000062s ]
INFO: [ template_filter ] --END-- [ RunTime:0.000105s ]
INFO: Run Behavior\ParseTemplateBehavior [ RunTime:0.007157s ]
INFO: [ view_parse ] --END-- [ RunTime:0.007210s ]
INFO: [ view_filter ] --START--
INFO: Run Behavior\WriteHtmlCacheBehavior [ RunTime:0.000281s ]
INFO: [ view_filter ] --END-- [ RunTime:0.000310s ]

[ 2017-07-03T20:11:33+08:00 ] 127.0.0.1 /Admin/goods/add
INFO: [ app_init ] --START--
INFO: Run Behavior\BuildLiteBehavior [ RunTime:0.000012s ]
INFO: [ app_init ] --END-- [ RunTime:0.000289s ]
INFO: [ app_begin ] --START--
INFO: Run Behavior\ReadHtmlCacheBehavior [ RunTime:0.000448s ]
INFO: [ app_begin ] --END-- [ RunTime:0.000486s ]
NOTIC: [2048] Declaration of Admin\Model\GoodsModel::_before_insert() should be compatible with Think\Model::_before_insert(&$data, $options) D:\Server\Apache2.2\htdocs\jxshop\Application\Admin\Model\GoodsModel.class.php 第 8 行.
NOTIC: [2048] Declaration of Admin\Model\GoodsModel::_after_insert() should be compatible with Think\Model::_after_insert($data, $options) D:\Server\Apache2.2\htdocs\jxshop\Application\Admin\Model\GoodsModel.class.php 第 8 行.
NOTIC: [8] Undefined index: validate D:\Server\Apache2.2\htdocs\jxshop\ThinkPHP\Library\Think\Model.class.php 第 1185 行.
NOTIC: [8] Undefined index: auto D:\Server\Apache2.2\htdocs\jxshop\ThinkPHP\Library\Think\Model.class.php 第 1128 行.
NOTIC: [2] call_user_func() expects parameter 1 to be a valid callback, no array or string given D:\Server\Apache2.2\htdocs\jxshop\ThinkPHP\Library\Think\Upload.class.php 第 170 行.
SQL: INSERT INTO `jx_goods` (`goods_name`,`goods_sn`,`cate_id`,`shop_price`,`is_sale`,`is_hot`,`market_price`,`goods_body`,`addtime`,`goods_img`,`goods_thumb`) VALUES ('走过路过不要错过100积分就可以兑换超级礼品','JX595a3475e0296','13','100.00','1','1','6000.00','&lt;p&gt;&amp;nbsp; 的&lt;/p&gt;','1499083893','Uploads/2017-07-03/595a3475e0bbb.jpg','Uploads/2017-07-03/thumb_595a3475e0bbb.jpg') [ RunTime:0.0031s ]

[ 2017-07-03T20:12:11+08:00 ] 127.0.0.1 /Admin/goods/add
INFO: [ app_init ] --START--
INFO: Run Behavior\BuildLiteBehavior [ RunTime:0.000012s ]
INFO: [ app_init ] --END-- [ RunTime:0.000342s ]
INFO: [ app_begin ] --START--
INFO: Run Behavior\ReadHtmlCacheBehavior [ RunTime:0.000673s ]
INFO: [ app_begin ] --END-- [ RunTime:0.000714s ]
SQL: SELECT * FROM `jx_category`  [ RunTime:0.0002s ]
INFO: [ view_parse ] --START--
INFO: [ template_filter ] --START--
INFO: Run Behavior\ContentReplaceBehavior [ RunTime:0.000062s ]
INFO: [ template_filter ] --END-- [ RunTime:0.000103s ]
INFO: Run Behavior\ParseTemplateBehavior [ RunTime:0.007504s ]
INFO: [ view_parse ] --END-- [ RunTime:0.007549s ]
INFO: [ view_filter ] --START--
INFO: Run Behavior\WriteHtmlCacheBehavior [ RunTime:0.000482s ]
INFO: [ view_filter ] --END-- [ RunTime:0.000513s ]

[ 2017-07-03T20:12:12+08:00 ] 127.0.0.1 /Admin/goods/add
INFO: [ app_init ] --START--
INFO: Run Behavior\BuildLiteBehavior [ RunTime:0.000011s ]
INFO: [ app_init ] --END-- [ RunTime:0.000347s ]
INFO: [ app_begin ] --START--
INFO: Run Behavior\ReadHtmlCacheBehavior [ RunTime:0.000676s ]
INFO: [ app_begin ] --END-- [ RunTime:0.000716s ]
SQL: SELECT * FROM `jx_category`  [ RunTime:0.0002s ]
INFO: [ view_parse ] --START--
INFO: [ template_filter ] --START--
INFO: Run Behavior\ContentReplaceBehavior [ RunTime:0.000062s ]
INFO: [ template_filter ] --END-- [ RunTime:0.000104s ]
INFO: Run Behavior\ParseTemplateBehavior [ RunTime:0.008567s ]
INFO: [ view_parse ] --END-- [ RunTime:0.008613s ]
INFO: [ view_filter ] --START--
INFO: Run Behavior\WriteHtmlCacheBehavior [ RunTime:0.000472s ]
INFO: [ view_filter ] --END-- [ RunTime:0.000502s ]

[ 2017-07-03T20:12:37+08:00 ] 127.0.0.1 /Admin/goods/add
INFO: [ app_init ] --START--
INFO: Run Behavior\BuildLiteBehavior [ RunTime:0.000012s ]
INFO: [ app_init ] --END-- [ RunTime:0.000308s ]
INFO: [ app_begin ] --START--
INFO: Run Behavior\ReadHtmlCacheBehavior [ RunTime:0.000949s ]
INFO: [ app_begin ] --END-- [ RunTime:0.001013s ]
NOTIC: [2048] Declaration of Admin\Model\GoodsModel::_before_insert() should be compatible with Think\Model::_before_insert(&$data, $options) D:\Server\Apache2.2\htdocs\jxshop\Application\Admin\Model\GoodsModel.class.php 第 8 行.
NOTIC: [2048] Declaration of Admin\Model\GoodsModel::_after_insert() should be compatible with Think\Model::_after_insert($data, $options) D:\Server\Apache2.2\htdocs\jxshop\Application\Admin\Model\GoodsModel.class.php 第 8 行.
NOTIC: [8] Undefined index: validate D:\Server\Apache2.2\htdocs\jxshop\ThinkPHP\Library\Think\Model.class.php 第 1185 行.
NOTIC: [8] Undefined index: auto D:\Server\Apache2.2\htdocs\jxshop\ThinkPHP\Library\Think\Model.class.php 第 1128 行.
NOTIC: [2] call_user_func() expects parameter 1 to be a valid callback, no array or string given D:\Server\Apache2.2\htdocs\jxshop\ThinkPHP\Library\Think\Upload.class.php 第 170 行.
SQL: INSERT INTO `jx_goods` (`goods_name`,`goods_sn`,`cate_id`,`shop_price`,`is_sale`,`market_price`,`goods_body`,`addtime`,`goods_img`,`goods_thumb`) VALUES ('走过路过不要错过100积分就可以兑换超级礼品','JX595a34b529fb0','5','21','1','300','&lt;p&gt;啊啊&lt;/p&gt;','1499083957','Uploads/2017-07-03/595a34b52a777.jpg','Uploads/2017-07-03/thumb_595a34b52a777.jpg') [ RunTime:0.0046s ]

[ 2017-07-03T20:12:48+08:00 ] 127.0.0.1 /Admin/goods/add
INFO: [ app_init ] --START--
INFO: Run Behavior\BuildLiteBehavior [ RunTime:0.000016s ]
INFO: [ app_init ] --END-- [ RunTime:0.000400s ]
INFO: [ app_begin ] --START--
INFO: Run Behavior\ReadHtmlCacheBehavior [ RunTime:0.000781s ]
INFO: [ app_begin ] --END-- [ RunTime:0.000831s ]
SQL: SELECT * FROM `jx_category`  [ RunTime:0.0001s ]
INFO: [ view_parse ] --START--
INFO: [ template_filter ] --START--
INFO: Run Behavior\ContentReplaceBehavior [ RunTime:0.000064s ]
INFO: [ template_filter ] --END-- [ RunTime:0.000107s ]
INFO: Run Behavior\ParseTemplateBehavior [ RunTime:0.007292s ]
INFO: [ view_parse ] --END-- [ RunTime:0.007336s ]
INFO: [ view_filter ] --START--
INFO: Run Behavior\WriteHtmlCacheBehavior [ RunTime:0.000281s ]
INFO: [ view_filter ] --END-- [ RunTime:0.000309s ]

[ 2017-07-03T20:12:49+08:00 ] 127.0.0.1 /Admin/goods/add
INFO: [ app_init ] --START--
INFO: Run Behavior\BuildLiteBehavior [ RunTime:0.000012s ]
INFO: [ app_init ] --END-- [ RunTime:0.000316s ]
INFO: [ app_begin ] --START--
INFO: Run Behavior\ReadHtmlCacheBehavior [ RunTime:0.000512s ]
INFO: [ app_begin ] --END-- [ RunTime:0.000558s ]
SQL: SELECT * FROM `jx_category`  [ RunTime:0.0002s ]
INFO: [ view_parse ] --START--
INFO: [ template_filter ] --START--
INFO: Run Behavior\ContentReplaceBehavior [ RunTime:0.000066s ]
INFO: [ template_filter ] --END-- [ RunTime:0.000109s ]
INFO: Run Behavior\ParseTemplateBehavior [ RunTime:0.007251s ]
INFO: [ view_parse ] --END-- [ RunTime:0.007297s ]
INFO: [ view_filter ] --START--
INFO: Run Behavior\WriteHtmlCacheBehavior [ RunTime:0.000287s ]
INFO: [ view_filter ] --END-- [ RunTime:0.000318s ]

[ 2017-07-03T20:13:03+08:00 ] 127.0.0.1 /Admin/goods/add
INFO: [ app_init ] --START--
INFO: Run Behavior\BuildLiteBehavior [ RunTime:0.000012s ]
INFO: [ app_init ] --END-- [ RunTime:0.000338s ]
INFO: [ app_begin ] --START--
INFO: Run Behavior\ReadHtmlCacheBehavior [ RunTime:0.000672s ]
INFO: [ app_begin ] --END-- [ RunTime:0.000713s ]
NOTIC: [2048] Declaration of Admin\Model\GoodsModel::_before_insert() should be compatible with Think\Model::_before_insert(&$data, $options) D:\Server\Apache2.2\htdocs\jxshop\Application\Admin\Model\GoodsModel.class.php 第 8 行.
NOTIC: [2048] Declaration of Admin\Model\GoodsModel::_after_insert() should be compatible with Think\Model::_after_insert($data, $options) D:\Server\Apache2.2\htdocs\jxshop\Application\Admin\Model\GoodsModel.class.php 第 8 行.
NOTIC: [8] Undefined index: validate D:\Server\Apache2.2\htdocs\jxshop\ThinkPHP\Library\Think\Model.class.php 第 1185 行.
NOTIC: [8] Undefined index: auto D:\Server\Apache2.2\htdocs\jxshop\ThinkPHP\Library\Think\Model.class.php 第 1128 行.
NOTIC: [2] call_user_func() expects parameter 1 to be a valid callback, no array or string given D:\Server\Apache2.2\htdocs\jxshop\ThinkPHP\Library\Think\Upload.class.php 第 170 行.
SQL: INSERT INTO `jx_goods` (`goods_name`,`goods_sn`,`cate_id`,`shop_price`,`is_sale`,`market_price`,`addtime`,`goods_img`,`goods_thumb`) VALUES ('走过路过不要错过100积分就可以兑换超级礼品','JX595a34cfe1f90','5','100.00','1','6000.00','1499083983','Uploads/2017-07-03/595a34cfe2b7a.jpg','Uploads/2017-07-03/thumb_595a34cfe2b7a.jpg') [ RunTime:0.0034s ]

[ 2017-07-03T20:14:17+08:00 ] 127.0.0.1 /Admin/goods/add
INFO: [ app_init ] --START--
INFO: Run Behavior\BuildLiteBehavior [ RunTime:0.000012s ]
INFO: [ app_init ] --END-- [ RunTime:0.000301s ]
INFO: [ app_begin ] --START--
INFO: Run Behavior\ReadHtmlCacheBehavior [ RunTime:0.000539s ]
INFO: [ app_begin ] --END-- [ RunTime:0.000577s ]
NOTIC: [2048] Declaration of Admin\Model\GoodsModel::_before_insert() should be compatible with Think\Model::_before_insert(&$data, $options) D:\Server\Apache2.2\htdocs\jxshop\Application\Admin\Model\GoodsModel.class.php 第 8 行.
NOTIC: [2048] Declaration of Admin\Model\GoodsModel::_after_insert() should be compatible with Think\Model::_after_insert($data, $options) D:\Server\Apache2.2\htdocs\jxshop\Application\Admin\Model\GoodsModel.class.php 第 8 行.
NOTIC: [8] Undefined index: validate D:\Server\Apache2.2\htdocs\jxshop\ThinkPHP\Library\Think\Model.class.php 第 1185 行.
NOTIC: [8] Undefined index: auto D:\Server\Apache2.2\htdocs\jxshop\ThinkPHP\Library\Think\Model.class.php 第 1128 行.
NOTIC: [2] call_user_func() expects parameter 1 to be a valid callback, no array or string given D:\Server\Apache2.2\htdocs\jxshop\ThinkPHP\Library\Think\Upload.class.php 第 170 行.
SQL: INSERT INTO `jx_goods` (`goods_name`,`goods_sn`,`cate_id`,`shop_price`,`is_sale`,`market_price`,`addtime`,`goods_img`,`goods_thumb`) VALUES ('走过路过不要错过100积分就可以兑换超级礼品','JX595a35198e03a','5','100.00','1','6000.00','1499084057','Uploads/2017-07-03/595a35198e85c.jpg','Uploads/2017-07-03/thumb_595a35198e85c.jpg') [ RunTime:0.0098s ]
INFO: [ view_parse ] --START--
INFO: [ template_filter ] --START--
INFO: Run Behavior\ContentReplaceBehavior [ RunTime:0.000037s ]
INFO: [ template_filter ] --END-- [ RunTime:0.000077s ]
INFO: Run Behavior\ParseTemplateBehavior [ RunTime:0.005553s ]
INFO: [ view_parse ] --END-- [ RunTime:0.005597s ]
INFO: [ view_filter ] --START--
INFO: Run Behavior\WriteHtmlCacheBehavior [ RunTime:0.000324s ]
INFO: [ view_filter ] --END-- [ RunTime:0.000352s ]
INFO: [ app_end ] --START--
INFO: Run Behavior\ShowPageTraceBehavior [ RunTime:0.000528s ]
INFO: [ app_end ] --END-- [ RunTime:0.000558s ]

[ 2017-07-03T20:14:18+08:00 ] 127.0.0.1 /Admin/goods/add
INFO: [ app_init ] --START--
INFO: Run Behavior\BuildLiteBehavior [ RunTime:0.000011s ]
INFO: [ app_init ] --END-- [ RunTime:0.000316s ]
INFO: [ app_begin ] --START--
INFO: Run Behavior\ReadHtmlCacheBehavior [ RunTime:0.000705s ]
INFO: [ app_begin ] --END-- [ RunTime:0.000746s ]
SQL: SELECT * FROM `jx_category`  [ RunTime:0.0003s ]
INFO: [ view_parse ] --START--
INFO: [ template_filter ] --START--
INFO: Run Behavior\ContentReplaceBehavior [ RunTime:0.000068s ]
INFO: [ template_filter ] --END-- [ RunTime:0.000114s ]
INFO: Run Behavior\ParseTemplateBehavior [ RunTime:0.008660s ]
INFO: [ view_parse ] --END-- [ RunTime:0.008733s ]
INFO: [ view_filter ] --START--
INFO: Run Behavior\WriteHtmlCacheBehavior [ RunTime:0.000404s ]
INFO: [ view_filter ] --END-- [ RunTime:0.000436s ]

[ 2017-07-03T20:14:32+08:00 ] 127.0.0.1 /Admin/goods/add
INFO: [ app_init ] --START--
INFO: Run Behavior\BuildLiteBehavior [ RunTime:0.000018s ]
INFO: [ app_init ] --END-- [ RunTime:0.000469s ]
INFO: [ app_begin ] --START--
INFO: Run Behavior\ReadHtmlCacheBehavior [ RunTime:0.000808s ]
INFO: [ app_begin ] --END-- [ RunTime:0.000862s ]
NOTIC: [2048] Declaration of Admin\Model\GoodsModel::_before_insert() should be compatible with Think\Model::_before_insert(&$data, $options) D:\Server\Apache2.2\htdocs\jxshop\Application\Admin\Model\GoodsModel.class.php 第 8 行.
NOTIC: [2048] Declaration of Admin\Model\GoodsModel::_after_insert() should be compatible with Think\Model::_after_insert($data, $options) D:\Server\Apache2.2\htdocs\jxshop\Application\Admin\Model\GoodsModel.class.php 第 8 行.
NOTIC: [8] Undefined index: validate D:\Server\Apache2.2\htdocs\jxshop\ThinkPHP\Library\Think\Model.class.php 第 1185 行.
INFO: [ view_parse ] --START--
INFO: [ template_filter ] --START--
INFO: Run Behavior\ContentReplaceBehavior [ RunTime:0.000034s ]
INFO: [ template_filter ] --END-- [ RunTime:0.000075s ]
INFO: Run Behavior\ParseTemplateBehavior [ RunTime:0.004540s ]
INFO: [ view_parse ] --END-- [ RunTime:0.004581s ]
INFO: [ view_filter ] --START--
INFO: Run Behavior\WriteHtmlCacheBehavior [ RunTime:0.000265s ]
INFO: [ view_filter ] --END-- [ RunTime:0.000307s ]

[ 2017-07-03T20:14:33+08:00 ] 127.0.0.1 /Admin/goods/add
INFO: [ app_init ] --START--
INFO: Run Behavior\BuildLiteBehavior [ RunTime:0.000010s ]
INFO: [ app_init ] --END-- [ RunTime:0.000281s ]
INFO: [ app_begin ] --START--
INFO: Run Behavior\ReadHtmlCacheBehavior [ RunTime:0.000419s ]
INFO: [ app_begin ] --END-- [ RunTime:0.000455s ]
SQL: SELECT * FROM `jx_category`  [ RunTime:0.0001s ]
INFO: [ view_parse ] --START--
INFO: [ template_filter ] --START--
INFO: Run Behavior\ContentReplaceBehavior [ RunTime:0.000061s ]
INFO: [ template_filter ] --END-- [ RunTime:0.000101s ]
INFO: Run Behavior\ParseTemplateBehavior [ RunTime:0.006448s ]
INFO: [ view_parse ] --END-- [ RunTime:0.006490s ]
INFO: [ view_filter ] --START--
INFO: Run Behavior\WriteHtmlCacheBehavior [ RunTime:0.000159s ]
INFO: [ view_filter ] --END-- [ RunTime:0.000185s ]

[ 2017-07-03T20:14:50+08:00 ] 127.0.0.1 /Admin/goods/add
INFO: [ app_init ] --START--
INFO: Run Behavior\BuildLiteBehavior [ RunTime:0.000013s ]
INFO: [ app_init ] --END-- [ RunTime:0.000385s ]
INFO: [ app_begin ] --START--
INFO: Run Behavior\ReadHtmlCacheBehavior [ RunTime:0.000524s ]
INFO: [ app_begin ] --END-- [ RunTime:0.000562s ]
NOTIC: [2048] Declaration of Admin\Model\GoodsModel::_before_insert() should be compatible with Think\Model::_before_insert(&$data, $options) D:\Server\Apache2.2\htdocs\jxshop\Application\Admin\Model\GoodsModel.class.php 第 8 行.
NOTIC: [2048] Declaration of Admin\Model\GoodsModel::_after_insert() should be compatible with Think\Model::_after_insert($data, $options) D:\Server\Apache2.2\htdocs\jxshop\Application\Admin\Model\GoodsModel.class.php 第 8 行.
NOTIC: [8] Undefined index: validate D:\Server\Apache2.2\htdocs\jxshop\ThinkPHP\Library\Think\Model.class.php 第 1185 行.
NOTIC: [8] Undefined index: auto D:\Server\Apache2.2\htdocs\jxshop\ThinkPHP\Library\Think\Model.class.php 第 1128 行.
NOTIC: [2] call_user_func() expects parameter 1 to be a valid callback, no array or string given D:\Server\Apache2.2\htdocs\jxshop\ThinkPHP\Library\Think\Upload.class.php 第 170 行.
SQL: INSERT INTO `jx_goods` (`goods_name`,`goods_sn`,`cate_id`,`shop_price`,`is_sale`,`market_price`,`addtime`,`goods_img`,`goods_thumb`) VALUES ('走过路过不要错过100积分就可以兑换超级礼品','JX595a353a5ddfb','5','100.00','1','6000.00','1499084090','Uploads/2017-07-03/595a353a5e518.jpg','Uploads/2017-07-03/thumb_595a353a5e518.jpg') [ RunTime:0.0033s ]

[ 2017-07-03T20:14:54+08:00 ] 127.0.0.1 /Admin/goods/add
INFO: [ app_init ] --START--
INFO: Run Behavior\BuildLiteBehavior [ RunTime:0.000011s ]
INFO: [ app_init ] --END-- [ RunTime:0.000346s ]
INFO: [ app_begin ] --START--
INFO: Run Behavior\ReadHtmlCacheBehavior [ RunTime:0.000524s ]
INFO: [ app_begin ] --END-- [ RunTime:0.000560s ]
SQL: SELECT * FROM `jx_category`  [ RunTime:0.0002s ]
INFO: [ view_parse ] --START--
INFO: [ template_filter ] --START--
INFO: Run Behavior\ContentReplaceBehavior [ RunTime:0.000062s ]
INFO: [ template_filter ] --END-- [ RunTime:0.000103s ]
INFO: Run Behavior\ParseTemplateBehavior [ RunTime:0.006960s ]
INFO: [ view_parse ] --END-- [ RunTime:0.007003s ]
INFO: [ view_filter ] --START--
INFO: Run Behavior\WriteHtmlCacheBehavior [ RunTime:0.000341s ]
INFO: [ view_filter ] --END-- [ RunTime:0.000379s ]

[ 2017-07-03T20:15:05+08:00 ] 127.0.0.1 /Admin/goods/add
INFO: [ app_init ] --START--
INFO: Run Behavior\BuildLiteBehavior [ RunTime:0.000011s ]
INFO: [ app_init ] --END-- [ RunTime:0.000283s ]
INFO: [ app_begin ] --START--
INFO: Run Behavior\ReadHtmlCacheBehavior [ RunTime:0.000408s ]
INFO: [ app_begin ] --END-- [ RunTime:0.000445s ]
NOTIC: [2048] Declaration of Admin\Model\GoodsModel::_before_insert() should be compatible with Think\Model::_before_insert(&$data, $options) D:\Server\Apache2.2\htdocs\jxshop\Application\Admin\Model\GoodsModel.class.php 第 8 行.
NOTIC: [2048] Declaration of Admin\Model\GoodsModel::_after_insert() should be compatible with Think\Model::_after_insert($data, $options) D:\Server\Apache2.2\htdocs\jxshop\Application\Admin\Model\GoodsModel.class.php 第 8 行.
NOTIC: [8] Undefined index: validate D:\Server\Apache2.2\htdocs\jxshop\ThinkPHP\Library\Think\Model.class.php 第 1185 行.
NOTIC: [8] Undefined index: auto D:\Server\Apache2.2\htdocs\jxshop\ThinkPHP\Library\Think\Model.class.php 第 1128 行.
NOTIC: [2] call_user_func() expects parameter 1 to be a valid callback, no array or string given D:\Server\Apache2.2\htdocs\jxshop\ThinkPHP\Library\Think\Upload.class.php 第 170 行.
SQL: INSERT INTO `jx_goods` (`goods_name`,`goods_sn`,`cate_id`,`shop_price`,`is_sale`,`market_price`,`addtime`,`goods_img`,`goods_thumb`) VALUES ('走过路过不要错过100积分就可以兑换超级礼品','JX595a3549d61da','5','100.00','1','6000.00','1499084105','Uploads/2017-07-03/595a3549d6a53.jpg','Uploads/2017-07-03/thumb_595a3549d6a53.jpg') [ RunTime:0.0056s ]

[ 2017-07-03T20:15:19+08:00 ] 127.0.0.1 /Admin/goods/add
INFO: [ app_init ] --START--
INFO: Run Behavior\BuildLiteBehavior [ RunTime:0.000011s ]
INFO: [ app_init ] --END-- [ RunTime:0.000355s ]
INFO: [ app_begin ] --START--
INFO: Run Behavior\ReadHtmlCacheBehavior [ RunTime:0.000734s ]
INFO: [ app_begin ] --END-- [ RunTime:0.000771s ]
NOTIC: [2048] Declaration of Admin\Model\GoodsModel::_before_insert() should be compatible with Think\Model::_before_insert(&$data, $options) D:\Server\Apache2.2\htdocs\jxshop\Application\Admin\Model\GoodsModel.class.php 第 8 行.
NOTIC: [2048] Declaration of Admin\Model\GoodsModel::_after_insert() should be compatible with Think\Model::_after_insert($data, $options) D:\Server\Apache2.2\htdocs\jxshop\Application\Admin\Model\GoodsModel.class.php 第 8 行.
NOTIC: [8] Undefined index: validate D:\Server\Apache2.2\htdocs\jxshop\ThinkPHP\Library\Think\Model.class.php 第 1185 行.
NOTIC: [8] Undefined index: auto D:\Server\Apache2.2\htdocs\jxshop\ThinkPHP\Library\Think\Model.class.php 第 1128 行.
NOTIC: [2] call_user_func() expects parameter 1 to be a valid callback, no array or string given D:\Server\Apache2.2\htdocs\jxshop\ThinkPHP\Library\Think\Upload.class.php 第 170 行.
SQL: INSERT INTO `jx_goods` (`goods_name`,`goods_sn`,`cate_id`,`shop_price`,`is_sale`,`market_price`,`addtime`,`goods_img`,`goods_thumb`) VALUES ('走过路过不要错过100积分就可以兑换超级礼品','JX595a355757e61','5','100.00','1','6000.00','1499084119','Uploads/2017-07-03/595a35575889c.jpg','Uploads/2017-07-03/thumb_595a35575889c.jpg') [ RunTime:0.0044s ]

[ 2017-07-03T20:16:17+08:00 ] 127.0.0.1 /Admin/goods/add
INFO: [ app_init ] --START--
INFO: Run Behavior\BuildLiteBehavior [ RunTime:0.000011s ]
INFO: [ app_init ] --END-- [ RunTime:0.000297s ]
INFO: [ app_begin ] --START--
INFO: Run Behavior\ReadHtmlCacheBehavior [ RunTime:0.000507s ]
INFO: [ app_begin ] --END-- [ RunTime:0.000545s ]
SQL: SELECT * FROM `jx_category`  [ RunTime:0.0002s ]
INFO: [ view_parse ] --START--
INFO: [ template_filter ] --START--
INFO: Run Behavior\ContentReplaceBehavior [ RunTime:0.000062s ]
INFO: [ template_filter ] --END-- [ RunTime:0.000100s ]
INFO: Run Behavior\ParseTemplateBehavior [ RunTime:0.006659s ]
INFO: [ view_parse ] --END-- [ RunTime:0.006705s ]
INFO: [ view_filter ] --START--
INFO: Run Behavior\WriteHtmlCacheBehavior [ RunTime:0.000220s ]
INFO: [ view_filter ] --END-- [ RunTime:0.000251s ]

[ 2017-07-03T20:17:24+08:00 ] 127.0.0.1 /Admin/goods/add
INFO: [ app_init ] --START--
INFO: Run Behavior\BuildLiteBehavior [ RunTime:0.000010s ]
INFO: [ app_init ] --END-- [ RunTime:0.000303s ]
INFO: [ app_begin ] --START--
INFO: Run Behavior\ReadHtmlCacheBehavior [ RunTime:0.000492s ]
INFO: [ app_begin ] --END-- [ RunTime:0.000530s ]
SQL: SELECT * FROM `jx_category`  [ RunTime:0.0002s ]
INFO: [ view_parse ] --START--
INFO: [ template_filter ] --START--
INFO: Run Behavior\ContentReplaceBehavior [ RunTime:0.000062s ]
INFO: [ template_filter ] --END-- [ RunTime:0.000100s ]
INFO: Run Behavior\ParseTemplateBehavior [ RunTime:0.007235s ]
INFO: [ view_parse ] --END-- [ RunTime:0.007285s ]
INFO: [ view_filter ] --START--
INFO: Run Behavior\WriteHtmlCacheBehavior [ RunTime:0.000302s ]
INFO: [ view_filter ] --END-- [ RunTime:0.000330s ]

[ 2017-07-03T20:17:49+08:00 ] 127.0.0.1 /Admin/goods/add
INFO: [ app_init ] --START--
INFO: Run Behavior\BuildLiteBehavior [ RunTime:0.000011s ]
INFO: [ app_init ] --END-- [ RunTime:0.000287s ]
INFO: [ app_begin ] --START--
INFO: Run Behavior\ReadHtmlCacheBehavior [ RunTime:0.000452s ]
INFO: [ app_begin ] --END-- [ RunTime:0.000490s ]

[ 2017-07-03T20:18:00+08:00 ] 127.0.0.1 /Admin/goods/add
INFO: [ app_init ] --START--
INFO: Run Behavior\BuildLiteBehavior [ RunTime:0.000011s ]
INFO: [ app_init ] --END-- [ RunTime:0.000329s ]
INFO: [ app_begin ] --START--
INFO: Run Behavior\ReadHtmlCacheBehavior [ RunTime:0.000533s ]
INFO: [ app_begin ] --END-- [ RunTime:0.000570s ]

[ 2017-07-03T20:18:07+08:00 ] 127.0.0.1 /Admin/goods/add
INFO: [ app_init ] --START--
INFO: Run Behavior\BuildLiteBehavior [ RunTime:0.000012s ]
INFO: [ app_init ] --END-- [ RunTime:0.000287s ]
INFO: [ app_begin ] --START--
INFO: Run Behavior\ReadHtmlCacheBehavior [ RunTime:0.000450s ]
INFO: [ app_begin ] --END-- [ RunTime:0.000488s ]
NOTIC: [2048] Declaration of Admin\Model\GoodsModel::_before_insert() should be compatible with Think\Model::_before_insert(&$data, $options) D:\Server\Apache2.2\htdocs\jxshop\Application\Admin\Model\GoodsModel.class.php 第 8 行.
NOTIC: [2048] Declaration of Admin\Model\GoodsModel::_after_insert() should be compatible with Think\Model::_after_insert($data, $options) D:\Server\Apache2.2\htdocs\jxshop\Application\Admin\Model\GoodsModel.class.php 第 8 行.
NOTIC: [8] Undefined index: validate D:\Server\Apache2.2\htdocs\jxshop\ThinkPHP\Library\Think\Model.class.php 第 1185 行.
NOTIC: [8] Undefined index: auto D:\Server\Apache2.2\htdocs\jxshop\ThinkPHP\Library\Think\Model.class.php 第 1128 行.
NOTIC: [2] call_user_func() expects parameter 1 to be a valid callback, no array or string given D:\Server\Apache2.2\htdocs\jxshop\ThinkPHP\Library\Think\Upload.class.php 第 170 行.
SQL: INSERT INTO `jx_goods` (`goods_name`,`goods_sn`,`cate_id`,`shop_price`,`is_sale`,`is_new`,`market_price`,`goods_body`,`addtime`,`goods_img`,`goods_thumb`) VALUES ('走过路过不要错过100积分就可以兑换超级礼品','JX595a35ffd8269','13','100.00','1','1','6000.00','&lt;p&gt;啊啊啊&lt;/p&gt;','1499084287','Uploads/2017-07-03/595a35ffd8d09.jpg','Uploads/2017-07-03/thumb_595a35ffd8d09.jpg') [ RunTime:0.0059s ]
SQL: SHOW COLUMNS FROM `jx_goods_cate` [ RunTime:0.0023s ]
SQL: INSERT INTO `jx_goods_cate` (`goods_id`) VALUES ('31'),('31'),('31') [ RunTime:0.0009s ]
INFO: [ view_parse ] --START--
INFO: [ template_filter ] --START--
INFO: Run Behavior\ContentReplaceBehavior [ RunTime:0.000051s ]
INFO: [ template_filter ] --END-- [ RunTime:0.000109s ]
INFO: Run Behavior\ParseTemplateBehavior [ RunTime:0.009003s ]
INFO: [ view_parse ] --END-- [ RunTime:0.009054s ]
INFO: [ view_filter ] --START--
INFO: Run Behavior\WriteHtmlCacheBehavior [ RunTime:0.000893s ]
INFO: [ view_filter ] --END-- [ RunTime:0.000933s ]
INFO: [ app_end ] --START--
INFO: Run Behavior\ShowPageTraceBehavior [ RunTime:0.001199s ]
INFO: [ app_end ] --END-- [ RunTime:0.001241s ]

[ 2017-07-03T20:18:09+08:00 ] 127.0.0.1 /Admin/goods/add
INFO: [ app_init ] --START--
INFO: Run Behavior\BuildLiteBehavior [ RunTime:0.000012s ]
INFO: [ app_init ] --END-- [ RunTime:0.000325s ]
INFO: [ app_begin ] --START--
INFO: Run Behavior\ReadHtmlCacheBehavior [ RunTime:0.000655s ]
INFO: [ app_begin ] --END-- [ RunTime:0.000745s ]
SQL: SELECT * FROM `jx_category`  [ RunTime:0.0002s ]
INFO: [ view_parse ] --START--
INFO: [ template_filter ] --START--
INFO: Run Behavior\ContentReplaceBehavior [ RunTime:0.000073s ]
INFO: [ template_filter ] --END-- [ RunTime:0.000124s ]
INFO: Run Behavior\ParseTemplateBehavior [ RunTime:0.008900s ]
INFO: [ view_parse ] --END-- [ RunTime:0.008967s ]
INFO: [ view_filter ] --START--
INFO: Run Behavior\WriteHtmlCacheBehavior [ RunTime:0.000364s ]
INFO: [ view_filter ] --END-- [ RunTime:0.000396s ]

[ 2017-07-03T20:18:48+08:00 ] 127.0.0.1 /Admin/goods/add
INFO: [ app_init ] --START--
INFO: Run Behavior\BuildLiteBehavior [ RunTime:0.000012s ]
INFO: [ app_init ] --END-- [ RunTime:0.000307s ]
INFO: [ app_begin ] --START--
INFO: Run Behavior\ReadHtmlCacheBehavior [ RunTime:0.000548s ]
INFO: [ app_begin ] --END-- [ RunTime:0.000585s ]
SQL: SELECT * FROM `jx_category`  [ RunTime:0.0002s ]
INFO: [ view_parse ] --START--
INFO: [ template_filter ] --START--
INFO: Run Behavior\ContentReplaceBehavior [ RunTime:0.000109s ]
INFO: [ template_filter ] --END-- [ RunTime:0.000204s ]
INFO: Run Behavior\ParseTemplateBehavior [ RunTime:0.007790s ]
INFO: [ view_parse ] --END-- [ RunTime:0.007836s ]
INFO: [ view_filter ] --START--
INFO: Run Behavior\WriteHtmlCacheBehavior [ RunTime:0.000340s ]
INFO: [ view_filter ] --END-- [ RunTime:0.000368s ]

[ 2017-07-03T20:19:10+08:00 ] 127.0.0.1 /Admin/goods/add
INFO: [ app_init ] --START--
INFO: Run Behavior\BuildLiteBehavior [ RunTime:0.000011s ]
INFO: [ app_init ] --END-- [ RunTime:0.000287s ]
INFO: [ app_begin ] --START--
INFO: Run Behavior\ReadHtmlCacheBehavior [ RunTime:0.000492s ]
INFO: [ app_begin ] --END-- [ RunTime:0.000529s ]
NOTIC: [2048] Declaration of Admin\Model\GoodsModel::_before_insert() should be compatible with Think\Model::_before_insert(&$data, $options) D:\Server\Apache2.2\htdocs\jxshop\Application\Admin\Model\GoodsModel.class.php 第 8 行.
NOTIC: [2048] Declaration of Admin\Model\GoodsModel::_after_insert() should be compatible with Think\Model::_after_insert($data, $options) D:\Server\Apache2.2\htdocs\jxshop\Application\Admin\Model\GoodsModel.class.php 第 8 行.
NOTIC: [8] Undefined index: validate D:\Server\Apache2.2\htdocs\jxshop\ThinkPHP\Library\Think\Model.class.php 第 1185 行.
NOTIC: [8] Undefined index: auto D:\Server\Apache2.2\htdocs\jxshop\ThinkPHP\Library\Think\Model.class.php 第 1128 行.
NOTIC: [2] call_user_func() expects parameter 1 to be a valid callback, no array or string given D:\Server\Apache2.2\htdocs\jxshop\ThinkPHP\Library\Think\Upload.class.php 第 170 行.
SQL: INSERT INTO `jx_goods` (`goods_name`,`goods_sn`,`cate_id`,`shop_price`,`is_sale`,`market_price`,`goods_body`,`addtime`,`goods_img`,`goods_thumb`) VALUES ('走过路过不要错过100积分就可以兑换超级礼品','JX595a363e3d77a','13','100.00','1','6000.00','&lt;p&gt;啊啊啊是&lt;/p&gt;','1499084350','Uploads/2017-07-03/595a363e3e344.jpg','Uploads/2017-07-03/thumb_595a363e3e344.jpg') [ RunTime:0.0054s ]

[ 2017-07-03T20:19:29+08:00 ] 127.0.0.1 /Admin/goods/add
INFO: [ app_init ] --START--
INFO: Run Behavior\BuildLiteBehavior [ RunTime:0.000011s ]
INFO: [ app_init ] --END-- [ RunTime:0.000303s ]
INFO: [ app_begin ] --START--
INFO: Run Behavior\ReadHtmlCacheBehavior [ RunTime:0.000519s ]
INFO: [ app_begin ] --END-- [ RunTime:0.000556s ]
SQL: SELECT * FROM `jx_category`  [ RunTime:0.0001s ]
INFO: [ view_parse ] --START--
INFO: [ template_filter ] --START--
INFO: Run Behavior\ContentReplaceBehavior [ RunTime:0.000062s ]
INFO: [ template_filter ] --END-- [ RunTime:0.000102s ]
INFO: Run Behavior\ParseTemplateBehavior [ RunTime:0.007002s ]
INFO: [ view_parse ] --END-- [ RunTime:0.007046s ]
INFO: [ view_filter ] --START--
INFO: Run Behavior\WriteHtmlCacheBehavior [ RunTime:0.000260s ]
INFO: [ view_filter ] --END-- [ RunTime:0.000288s ]

[ 2017-07-03T20:19:37+08:00 ] 127.0.0.1 /Admin/goods/add
INFO: [ app_init ] --START--
INFO: Run Behavior\BuildLiteBehavior [ RunTime:0.000011s ]
INFO: [ app_init ] --END-- [ RunTime:0.000283s ]
INFO: [ app_begin ] --START--
INFO: Run Behavior\ReadHtmlCacheBehavior [ RunTime:0.000580s ]
INFO: [ app_begin ] --END-- [ RunTime:0.000631s ]
NOTIC: [2048] Declaration of Admin\Model\GoodsModel::_before_insert() should be compatible with Think\Model::_before_insert(&$data, $options) D:\Server\Apache2.2\htdocs\jxshop\Application\Admin\Model\GoodsModel.class.php 第 8 行.
NOTIC: [2048] Declaration of Admin\Model\GoodsModel::_after_insert() should be compatible with Think\Model::_after_insert($data, $options) D:\Server\Apache2.2\htdocs\jxshop\Application\Admin\Model\GoodsModel.class.php 第 8 行.
NOTIC: [8] Undefined index: validate D:\Server\Apache2.2\htdocs\jxshop\ThinkPHP\Library\Think\Model.class.php 第 1185 行.
NOTIC: [8] Undefined index: auto D:\Server\Apache2.2\htdocs\jxshop\ThinkPHP\Library\Think\Model.class.php 第 1128 行.
NOTIC: [2] call_user_func() expects parameter 1 to be a valid callback, no array or string given D:\Server\Apache2.2\htdocs\jxshop\ThinkPHP\Library\Think\Upload.class.php 第 170 行.
SQL: INSERT INTO `jx_goods` (`goods_name`,`goods_sn`,`cate_id`,`shop_price`,`is_sale`,`market_price`,`addtime`,`goods_img`,`goods_thumb`) VALUES ('走过路过不要错过100积分就可以兑换超级礼品','JX595a3659c9066','13','100.00','1','6000.00','1499084377','Uploads/2017-07-03/595a3659c988c.jpg','Uploads/2017-07-03/thumb_595a3659c988c.jpg') [ RunTime:0.0033s ]
SQL: SHOW COLUMNS FROM `jx_goods_cate` [ RunTime:0.0025s ]
SQL: INSERT INTO `jx_goods_cate` (`goods_id`) VALUES ('33'),('33'),('33') [ RunTime:0.0003s ]
INFO: [ view_parse ] --START--
INFO: [ template_filter ] --START--
INFO: Run Behavior\ContentReplaceBehavior [ RunTime:0.000038s ]
INFO: [ template_filter ] --END-- [ RunTime:0.000086s ]
INFO: Run Behavior\ParseTemplateBehavior [ RunTime:0.005190s ]
INFO: [ view_parse ] --END-- [ RunTime:0.005232s ]
INFO: [ view_filter ] --START--
INFO: Run Behavior\WriteHtmlCacheBehavior [ RunTime:0.000277s ]
INFO: [ view_filter ] --END-- [ RunTime:0.000304s ]
INFO: [ app_end ] --START--
INFO: Run Behavior\ShowPageTraceBehavior [ RunTime:0.000497s ]
INFO: [ app_end ] --END-- [ RunTime:0.000527s ]

[ 2017-07-03T20:19:38+08:00 ] 127.0.0.1 /Admin/goods/add
INFO: [ app_init ] --START--
INFO: Run Behavior\BuildLiteBehavior [ RunTime:0.000010s ]
INFO: [ app_init ] --END-- [ RunTime:0.000284s ]
INFO: [ app_begin ] --START--
INFO: Run Behavior\ReadHtmlCacheBehavior [ RunTime:0.000497s ]
INFO: [ app_begin ] --END-- [ RunTime:0.000534s ]
SQL: SELECT * FROM `jx_category`  [ RunTime:0.0002s ]
INFO: [ view_parse ] --START--
INFO: [ template_filter ] --START--
INFO: Run Behavior\ContentReplaceBehavior [ RunTime:0.000062s ]
INFO: [ template_filter ] --END-- [ RunTime:0.000103s ]
INFO: Run Behavior\ParseTemplateBehavior [ RunTime:0.007051s ]
INFO: [ view_parse ] --END-- [ RunTime:0.007097s ]
INFO: [ view_filter ] --START--
INFO: Run Behavior\WriteHtmlCacheBehavior [ RunTime:0.000303s ]
INFO: [ view_filter ] --END-- [ RunTime:0.000335s ]

[ 2017-07-03T20:28:42+08:00 ] 127.0.0.1 /Admin/goods/add
INFO: [ app_init ] --START--
INFO: Run Behavior\BuildLiteBehavior [ RunTime:0.000011s ]
INFO: [ app_init ] --END-- [ RunTime:0.000287s ]
INFO: [ app_begin ] --START--
INFO: Run Behavior\ReadHtmlCacheBehavior [ RunTime:0.000687s ]
INFO: [ app_begin ] --END-- [ RunTime:0.000756s ]
SQL: SELECT * FROM `jx_category`  [ RunTime:0.0002s ]
INFO: [ view_parse ] --START--
INFO: [ template_filter ] --START--
INFO: Run Behavior\ContentReplaceBehavior [ RunTime:0.000057s ]
INFO: [ template_filter ] --END-- [ RunTime:0.000099s ]
INFO: Run Behavior\ParseTemplateBehavior [ RunTime:0.006643s ]
INFO: [ view_parse ] --END-- [ RunTime:0.006692s ]
INFO: [ view_filter ] --START--
INFO: Run Behavior\WriteHtmlCacheBehavior [ RunTime:0.000281s ]
INFO: [ view_filter ] --END-- [ RunTime:0.000308s ]

[ 2017-07-03T20:29:03+08:00 ] 127.0.0.1 /Admin/goods/add
INFO: [ app_init ] --START--
INFO: Run Behavior\BuildLiteBehavior [ RunTime:0.000011s ]
INFO: [ app_init ] --END-- [ RunTime:0.000287s ]
INFO: [ app_begin ] --START--
INFO: Run Behavior\ReadHtmlCacheBehavior [ RunTime:0.000569s ]
INFO: [ app_begin ] --END-- [ RunTime:0.000612s ]
SQL: SELECT * FROM `jx_category`  [ RunTime:0.0002s ]
INFO: [ view_parse ] --START--
INFO: [ template_filter ] --START--
INFO: Run Behavior\ContentReplaceBehavior [ RunTime:0.000058s ]
INFO: [ template_filter ] --END-- [ RunTime:0.000101s ]
INFO: Run Behavior\ParseTemplateBehavior [ RunTime:0.006646s ]
INFO: [ view_parse ] --END-- [ RunTime:0.006691s ]
INFO: [ view_filter ] --START--
INFO: Run Behavior\WriteHtmlCacheBehavior [ RunTime:0.000321s ]
INFO: [ view_filter ] --END-- [ RunTime:0.000350s ]

[ 2017-07-03T20:32:01+08:00 ] 127.0.0.1 /Admin/goods/add
INFO: [ app_init ] --START--
INFO: Run Behavior\BuildLiteBehavior [ RunTime:0.000011s ]
INFO: [ app_init ] --END-- [ RunTime:0.000283s ]
INFO: [ app_begin ] --START--
INFO: Run Behavior\ReadHtmlCacheBehavior [ RunTime:0.000489s ]
INFO: [ app_begin ] --END-- [ RunTime:0.000532s ]
SQL: SELECT * FROM `jx_category`  [ RunTime:0.0002s ]
INFO: [ view_parse ] --START--
INFO: [ template_filter ] --START--
INFO: Run Behavior\ContentReplaceBehavior [ RunTime:0.000060s ]
INFO: [ template_filter ] --END-- [ RunTime:0.000110s ]
INFO: Run Behavior\ParseTemplateBehavior [ RunTime:0.006692s ]
INFO: [ view_parse ] --END-- [ RunTime:0.006741s ]
INFO: [ view_filter ] --START--
INFO: Run Behavior\WriteHtmlCacheBehavior [ RunTime:0.000285s ]
INFO: [ view_filter ] --END-- [ RunTime:0.000356s ]

[ 2017-07-03T20:33:24+08:00 ] 127.0.0.1 /Admin/goods/add
INFO: [ app_init ] --START--
INFO: Run Behavior\BuildLiteBehavior [ RunTime:0.000012s ]
INFO: [ app_init ] --END-- [ RunTime:0.000288s ]
INFO: [ app_begin ] --START--
INFO: Run Behavior\ReadHtmlCacheBehavior [ RunTime:0.000759s ]
INFO: [ app_begin ] --END-- [ RunTime:0.000818s ]
SQL: SELECT * FROM `jx_category`  [ RunTime:0.0002s ]
INFO: [ view_parse ] --START--
INFO: [ template_filter ] --START--
INFO: Run Behavior\ContentReplaceBehavior [ RunTime:0.000059s ]
INFO: [ template_filter ] --END-- [ RunTime:0.000095s ]
INFO: Run Behavior\ParseTemplateBehavior [ RunTime:0.006676s ]
INFO: [ view_parse ] --END-- [ RunTime:0.006724s ]
INFO: [ view_filter ] --START--
INFO: Run Behavior\WriteHtmlCacheBehavior [ RunTime:0.000223s ]
INFO: [ view_filter ] --END-- [ RunTime:0.000251s ]

[ 2017-07-03T20:35:24+08:00 ] 127.0.0.1 /Admin/goods/add
INFO: [ app_init ] --START--
INFO: Run Behavior\BuildLiteBehavior [ RunTime:0.000011s ]
INFO: [ app_init ] --END-- [ RunTime:0.000307s ]
INFO: [ app_begin ] --START--
INFO: Run Behavior\ReadHtmlCacheBehavior [ RunTime:0.000543s ]
INFO: [ app_begin ] --END-- [ RunTime:0.000580s ]
SQL: SELECT * FROM `jx_category`  [ RunTime:0.0003s ]
INFO: [ view_parse ] --START--
INFO: [ template_filter ] --START--
INFO: Run Behavior\ContentReplaceBehavior [ RunTime:0.000065s ]
INFO: [ template_filter ] --END-- [ RunTime:0.000109s ]
INFO: Run Behavior\ParseTemplateBehavior [ RunTime:0.008839s ]
INFO: [ view_parse ] --END-- [ RunTime:0.008897s ]
INFO: [ view_filter ] --START--
INFO: Run Behavior\WriteHtmlCacheBehavior [ RunTime:0.000387s ]
INFO: [ view_filter ] --END-- [ RunTime:0.000417s ]

[ 2017-07-03T20:37:10+08:00 ] 127.0.0.1 /Admin/goods/add
INFO: [ app_init ] --START--
INFO: Run Behavior\BuildLiteBehavior [ RunTime:0.000012s ]
INFO: [ app_init ] --END-- [ RunTime:0.000520s ]
INFO: [ app_begin ] --START--
INFO: Run Behavior\ReadHtmlCacheBehavior [ RunTime:0.000508s ]
INFO: [ app_begin ] --END-- [ RunTime:0.000553s ]
SQL: SELECT * FROM `jx_category`  [ RunTime:0.0002s ]
INFO: [ view_parse ] --START--
INFO: [ template_filter ] --START--
INFO: Run Behavior\ContentReplaceBehavior [ RunTime:0.000093s ]
INFO: [ template_filter ] --END-- [ RunTime:0.000156s ]
INFO: Run Behavior\ParseTemplateBehavior [ RunTime:0.007739s ]
INFO: [ view_parse ] --END-- [ RunTime:0.007788s ]
INFO: [ view_filter ] --START--
INFO: Run Behavior\WriteHtmlCacheBehavior [ RunTime:0.000305s ]
INFO: [ view_filter ] --END-- [ RunTime:0.000338s ]

[ 2017-07-03T20:37:15+08:00 ] 127.0.0.1 /Admin/goods/add
INFO: [ app_init ] --START--
INFO: Run Behavior\BuildLiteBehavior [ RunTime:0.000011s ]
INFO: [ app_init ] --END-- [ RunTime:0.000284s ]
INFO: [ app_begin ] --START--
INFO: Run Behavior\ReadHtmlCacheBehavior [ RunTime:0.000546s ]
INFO: [ app_begin ] --END-- [ RunTime:0.000584s ]
SQL: SELECT * FROM `jx_category`  [ RunTime:0.0002s ]
INFO: [ view_parse ] --START--
INFO: [ template_filter ] --START--
INFO: Run Behavior\ContentReplaceBehavior [ RunTime:0.000062s ]
INFO: [ template_filter ] --END-- [ RunTime:0.000102s ]
INFO: Run Behavior\ParseTemplateBehavior [ RunTime:0.006922s ]
INFO: [ view_parse ] --END-- [ RunTime:0.006969s ]
INFO: [ view_filter ] --START--
INFO: Run Behavior\WriteHtmlCacheBehavior [ RunTime:0.000320s ]
INFO: [ view_filter ] --END-- [ RunTime:0.000347s ]

[ 2017-07-03T20:39:31+08:00 ] 127.0.0.1 /Admin/goods/add
INFO: [ app_init ] --START--
INFO: Run Behavior\BuildLiteBehavior [ RunTime:0.000012s ]
INFO: [ app_init ] --END-- [ RunTime:0.000296s ]
INFO: [ app_begin ] --START--
INFO: Run Behavior\ReadHtmlCacheBehavior [ RunTime:0.000455s ]
INFO: [ app_begin ] --END-- [ RunTime:0.000492s ]
SQL: SELECT * FROM `jx_category`  [ RunTime:0.0002s ]
INFO: [ view_parse ] --START--
INFO: [ template_filter ] --START--
INFO: Run Behavior\ContentReplaceBehavior [ RunTime:0.000064s ]
INFO: [ template_filter ] --END-- [ RunTime:0.000105s ]
INFO: Run Behavior\ParseTemplateBehavior [ RunTime:0.006920s ]
INFO: [ view_parse ] --END-- [ RunTime:0.006964s ]
INFO: [ view_filter ] --START--
INFO: Run Behavior\WriteHtmlCacheBehavior [ RunTime:0.000222s ]
INFO: [ view_filter ] --END-- [ RunTime:0.000249s ]

[ 2017-07-03T20:39:48+08:00 ] 127.0.0.1 /Admin/goods/add
INFO: [ app_init ] --START--
INFO: Run Behavior\BuildLiteBehavior [ RunTime:0.000011s ]
INFO: [ app_init ] --END-- [ RunTime:0.000304s ]
INFO: [ app_begin ] --START--
INFO: Run Behavior\ReadHtmlCacheBehavior [ RunTime:0.000638s ]
INFO: [ app_begin ] --END-- [ RunTime:0.000681s ]
NOTIC: [2048] Declaration of Admin\Model\GoodsModel::_before_insert() should be compatible with Think\Model::_before_insert(&$data, $options) D:\Server\Apache2.2\htdocs\jxshop\Application\Admin\Model\GoodsModel.class.php 第 8 行.
NOTIC: [2048] Declaration of Admin\Model\GoodsModel::_after_insert() should be compatible with Think\Model::_after_insert($data, $options) D:\Server\Apache2.2\htdocs\jxshop\Application\Admin\Model\GoodsModel.class.php 第 8 行.
NOTIC: [8] Undefined index: validate D:\Server\Apache2.2\htdocs\jxshop\ThinkPHP\Library\Think\Model.class.php 第 1185 行.
NOTIC: [8] Undefined index: auto D:\Server\Apache2.2\htdocs\jxshop\ThinkPHP\Library\Think\Model.class.php 第 1128 行.
NOTIC: [2] call_user_func() expects parameter 1 to be a valid callback, no array or string given D:\Server\Apache2.2\htdocs\jxshop\ThinkPHP\Library\Think\Upload.class.php 第 170 行.
SQL: INSERT INTO `jx_goods` (`goods_name`,`goods_sn`,`cate_id`,`shop_price`,`is_sale`,`market_price`,`goods_body`,`addtime`,`goods_img`,`goods_thumb`) VALUES ('走过路过不要错过100积分就可以兑换超级礼品','JX595a3b14bfdd0','13','100.00','1','300','&lt;p&gt;啊啊啊&lt;/p&gt;','1499085588','Uploads/2017-07-03/595a3b14c0622.jpg','Uploads/2017-07-03/thumb_595a3b14c0622.jpg') [ RunTime:0.0062s ]

[ 2017-07-03T20:41:35+08:00 ] 127.0.0.1 /Admin/goods/add
INFO: [ app_init ] --START--
INFO: Run Behavior\BuildLiteBehavior [ RunTime:0.000011s ]
INFO: [ app_init ] --END-- [ RunTime:0.000304s ]
INFO: [ app_begin ] --START--
INFO: Run Behavior\ReadHtmlCacheBehavior [ RunTime:0.000534s ]
INFO: [ app_begin ] --END-- [ RunTime:0.000572s ]
SQL: SELECT * FROM `jx_category`  [ RunTime:0.0002s ]
INFO: [ view_parse ] --START--
INFO: [ template_filter ] --START--
INFO: Run Behavior\ContentReplaceBehavior [ RunTime:0.000064s ]
INFO: [ template_filter ] --END-- [ RunTime:0.000106s ]
INFO: Run Behavior\ParseTemplateBehavior [ RunTime:0.007213s ]
INFO: [ view_parse ] --END-- [ RunTime:0.007260s ]
INFO: [ view_filter ] --START--
INFO: Run Behavior\WriteHtmlCacheBehavior [ RunTime:0.000311s ]
INFO: [ view_filter ] --END-- [ RunTime:0.000340s ]

[ 2017-07-03T20:41:35+08:00 ] 127.0.0.1 /Admin/goods/add
INFO: [ app_init ] --START--
INFO: Run Behavior\BuildLiteBehavior [ RunTime:0.000012s ]
INFO: [ app_init ] --END-- [ RunTime:0.000308s ]
INFO: [ app_begin ] --START--
INFO: Run Behavior\ReadHtmlCacheBehavior [ RunTime:0.000554s ]
INFO: [ app_begin ] --END-- [ RunTime:0.000599s ]
SQL: SELECT * FROM `jx_category`  [ RunTime:0.0002s ]
INFO: [ view_parse ] --START--
INFO: [ template_filter ] --START--
INFO: Run Behavior\ContentReplaceBehavior [ RunTime:0.000062s ]
INFO: [ template_filter ] --END-- [ RunTime:0.000103s ]
INFO: Run Behavior\ParseTemplateBehavior [ RunTime:0.007688s ]
INFO: [ view_parse ] --END-- [ RunTime:0.007732s ]
INFO: [ view_filter ] --START--
INFO: Run Behavior\WriteHtmlCacheBehavior [ RunTime:0.000311s ]
INFO: [ view_filter ] --END-- [ RunTime:0.000339s ]

[ 2017-07-03T20:41:56+08:00 ] 127.0.0.1 /Admin/goods/add
INFO: [ app_init ] --START--
INFO: Run Behavior\BuildLiteBehavior [ RunTime:0.000011s ]
INFO: [ app_init ] --END-- [ RunTime:0.000284s ]
INFO: [ app_begin ] --START--
INFO: Run Behavior\ReadHtmlCacheBehavior [ RunTime:0.000484s ]
INFO: [ app_begin ] --END-- [ RunTime:0.000521s ]

[ 2017-07-03T20:42:07+08:00 ] 127.0.0.1 /Admin/goods/add
INFO: [ app_init ] --START--
INFO: Run Behavior\BuildLiteBehavior [ RunTime:0.000011s ]
INFO: [ app_init ] --END-- [ RunTime:0.000286s ]
INFO: [ app_begin ] --START--
INFO: Run Behavior\ReadHtmlCacheBehavior [ RunTime:0.000531s ]
INFO: [ app_begin ] --END-- [ RunTime:0.000567s ]
SQL: SELECT * FROM `jx_category`  [ RunTime:0.0001s ]
INFO: [ view_parse ] --START--
INFO: [ template_filter ] --START--
INFO: Run Behavior\ContentReplaceBehavior [ RunTime:0.000091s ]
INFO: [ template_filter ] --END-- [ RunTime:0.000146s ]
INFO: Run Behavior\ParseTemplateBehavior [ RunTime:0.011164s ]
INFO: [ view_parse ] --END-- [ RunTime:0.011226s ]
INFO: [ view_filter ] --START--
INFO: Run Behavior\WriteHtmlCacheBehavior [ RunTime:0.000399s ]
INFO: [ view_filter ] --END-- [ RunTime:0.000440s ]

[ 2017-07-03T20:42:09+08:00 ] 127.0.0.1 /Admin/goods/add
INFO: [ app_init ] --START--
INFO: Run Behavior\BuildLiteBehavior [ RunTime:0.000011s ]
INFO: [ app_init ] --END-- [ RunTime:0.000306s ]
INFO: [ app_begin ] --START--
INFO: Run Behavior\ReadHtmlCacheBehavior [ RunTime:0.000505s ]
INFO: [ app_begin ] --END-- [ RunTime:0.000545s ]
SQL: SELECT * FROM `jx_category`  [ RunTime:0.0002s ]
INFO: [ view_parse ] --START--
INFO: [ template_filter ] --START--
INFO: Run Behavior\ContentReplaceBehavior [ RunTime:0.000074s ]
INFO: [ template_filter ] --END-- [ RunTime:0.000133s ]
INFO: Run Behavior\ParseTemplateBehavior [ RunTime:0.008345s ]
INFO: [ view_parse ] --END-- [ RunTime:0.008404s ]
INFO: [ view_filter ] --START--
INFO: Run Behavior\WriteHtmlCacheBehavior [ RunTime:0.000403s ]
INFO: [ view_filter ] --END-- [ RunTime:0.000447s ]

[ 2017-07-03T20:42:21+08:00 ] 127.0.0.1 /Admin/goods/add
INFO: [ app_init ] --START--
INFO: Run Behavior\BuildLiteBehavior [ RunTime:0.000015s ]
INFO: [ app_init ] --END-- [ RunTime:0.000409s ]
INFO: [ app_begin ] --START--
INFO: Run Behavior\ReadHtmlCacheBehavior [ RunTime:0.001000s ]
INFO: [ app_begin ] --END-- [ RunTime:0.001061s ]
NOTIC: [2048] Declaration of Admin\Model\GoodsModel::_before_insert() should be compatible with Think\Model::_before_insert(&$data, $options) D:\Server\Apache2.2\htdocs\jxshop\Application\Admin\Model\GoodsModel.class.php 第 8 行.
NOTIC: [2048] Declaration of Admin\Model\GoodsModel::_after_insert() should be compatible with Think\Model::_after_insert($data, $options) D:\Server\Apache2.2\htdocs\jxshop\Application\Admin\Model\GoodsModel.class.php 第 8 行.
NOTIC: [8] Undefined index: validate D:\Server\Apache2.2\htdocs\jxshop\ThinkPHP\Library\Think\Model.class.php 第 1185 行.
NOTIC: [8] Undefined index: auto D:\Server\Apache2.2\htdocs\jxshop\ThinkPHP\Library\Think\Model.class.php 第 1128 行.
NOTIC: [2] call_user_func() expects parameter 1 to be a valid callback, no array or string given D:\Server\Apache2.2\htdocs\jxshop\ThinkPHP\Library\Think\Upload.class.php 第 170 行.
SQL: INSERT INTO `jx_goods` (`goods_name`,`goods_sn`,`cate_id`,`shop_price`,`is_sale`,`market_price`,`goods_body`,`addtime`,`goods_img`,`goods_thumb`) VALUES ('走过路过不要错过100积分就可以兑换超级礼品','JX595a3bad8e7ef','5','100.00','1','300','&lt;p&gt;啊啊&lt;/p&gt;','1499085741','Uploads/2017-07-03/595a3bad8ef0d.jpg','Uploads/2017-07-03/thumb_595a3bad8ef0d.jpg') [ RunTime:0.0056s ]
SQL: SHOW COLUMNS FROM `jx_goods_cate` [ RunTime:0.0021s ]
SQL: INSERT INTO `jx_goods_cate` (`goods_id`,`cate_id`) VALUES ('35','10'),('35','13') [ RunTime:0.0004s ]
INFO: [ view_parse ] --START--
INFO: [ template_filter ] --START--
INFO: Run Behavior\ContentReplaceBehavior [ RunTime:0.000036s ]
INFO: [ template_filter ] --END-- [ RunTime:0.000076s ]
INFO: Run Behavior\ParseTemplateBehavior [ RunTime:0.004976s ]
INFO: [ view_parse ] --END-- [ RunTime:0.005017s ]
INFO: [ view_filter ] --START--
INFO: Run Behavior\WriteHtmlCacheBehavior [ RunTime:0.000304s ]
INFO: [ view_filter ] --END-- [ RunTime:0.000331s ]
INFO: [ app_end ] --START--
INFO: Run Behavior\ShowPageTraceBehavior [ RunTime:0.000543s ]
INFO: [ app_end ] --END-- [ RunTime:0.000573s ]

[ 2017-07-03T20:42:22+08:00 ] 127.0.0.1 /Admin/goods/add
INFO: [ app_init ] --START--
INFO: Run Behavior\BuildLiteBehavior [ RunTime:0.000012s ]
INFO: [ app_init ] --END-- [ RunTime:0.000326s ]
INFO: [ app_begin ] --START--
INFO: Run Behavior\ReadHtmlCacheBehavior [ RunTime:0.000943s ]
INFO: [ app_begin ] --END-- [ RunTime:0.001060s ]
SQL: SELECT * FROM `jx_category`  [ RunTime:0.0001s ]
INFO: [ view_parse ] --START--
INFO: [ template_filter ] --START--
INFO: Run Behavior\ContentReplaceBehavior [ RunTime:0.000063s ]
INFO: [ template_filter ] --END-- [ RunTime:0.000107s ]
INFO: Run Behavior\ParseTemplateBehavior [ RunTime:0.007145s ]
INFO: [ view_parse ] --END-- [ RunTime:0.007191s ]
INFO: [ view_filter ] --START--
INFO: Run Behavior\WriteHtmlCacheBehavior [ RunTime:0.000366s ]
INFO: [ view_filter ] --END-- [ RunTime:0.000408s ]

[ 2017-07-03T20:42:22+08:00 ] 127.0.0.1 /Admin/goods/add
INFO: [ app_init ] --START--
INFO: Run Behavior\BuildLiteBehavior [ RunTime:0.000017s ]
INFO: [ app_init ] --END-- [ RunTime:0.000638s ]
INFO: [ app_begin ] --START--
INFO: Run Behavior\ReadHtmlCacheBehavior [ RunTime:0.000935s ]
INFO: [ app_begin ] --END-- [ RunTime:0.000983s ]
SQL: SELECT * FROM `jx_category`  [ RunTime:0.0001s ]
INFO: [ view_parse ] --START--
INFO: [ template_filter ] --START--
INFO: Run Behavior\ContentReplaceBehavior [ RunTime:0.000062s ]
INFO: [ template_filter ] --END-- [ RunTime:0.000103s ]
INFO: Run Behavior\ParseTemplateBehavior [ RunTime:0.007323s ]
INFO: [ view_parse ] --END-- [ RunTime:0.007370s ]
INFO: [ view_filter ] --START--
INFO: Run Behavior\WriteHtmlCacheBehavior [ RunTime:0.000818s ]
INFO: [ view_filter ] --END-- [ RunTime:0.000857s ]

